[1721671833.779][WARNI][mkdocs/config/base.py:377] Config value 'plugins': Plugin 'rss' option 'feeds_filenames': Unrecognised configuration name: feeds_filenames
[1721671833.779][WARNI][mkdocs/config/base.py:377] Config value 'pub-obsidian': Unrecognised configuration name: pub-obsidian
[1721671833.779][WARNI][mkdocs/config/base.py:377] Config value 'exclude': Unrecognised configuration name: exclude
[1721671833.780][INFO ][mkdocs/commands/serve.py:62] Building documentation...
[1721671833.800][INFO ][mkdocs/commands/build.py:271] Cleaning site directory
[1721671833.865][INFO ][mkdocs/structure/nav.py:174] An absolute path to '/...' is included in the 'nav' configuration, which presumably points to an external resource.
[1721671833.887][WARNI][mkdocs_rss_plugin/util.py:504] [RSS-plugin]: No description generated from metadata or content of the page index.md, therefore the feed won't be compliant, because an item must have a description.
[1721671833.917][WARNI][mkdocs/structure/pages.py:495] Doc file 'Articles/2024/April/Blog Embed Test.md' contains a link 'Assets/media/AI%20Checklist%20for%20Startups/AI%20Checklist%20for%20Startups%202023-12-28%2019.38.11.excalidraw.svg', but the target 'Articles/2024/April/Assets/media/AI Checklist for Startups/AI Checklist for Startups 2023-12-28 19.38.11.excalidraw.svg' is not found among documentation files.
[1721671833.918][WARNI][mkdocs/structure/pages.py:495] Doc file 'Articles/2024/April/Blog Embed Test.md' contains a link 'Assets/media/AI%20Checklist%20for%20Startups/Recording%2020231228185105.webm', but the target 'Articles/2024/April/Assets/media/AI Checklist for Startups/Recording 20231228185105.webm' is not found among documentation files.
[1721671833.918][WARNI][mkdocs/structure/pages.py:495] Doc file 'Articles/2024/April/Blog Embed Test.md' contains a link 'Assets/media/AI%20Checklist%20for%20Startups/AI%20Checklist%20for%20Startups-image-20231228183546666.png', but the target 'Articles/2024/April/Assets/media/AI Checklist for Startups/AI Checklist for Startups-image-20231228183546666.png' is not found among documentation files.
[1721671833.918][WARNI][mkdocs/structure/pages.py:495] Doc file 'Articles/2024/April/Blog Embed Test.md' contains a link 'Assets/media/Blog%20Embed%20Test/Test%20Page%202023-08-25%2004.41.44.excalidraw.md', but the target 'Articles/2024/April/Assets/media/Blog Embed Test/Test Page 2023-08-25 04.41.44.excalidraw.md' is not found among documentation files.
[1721671833.918][WARNI][mkdocs/structure/pages.py:495] Doc file 'Articles/2024/April/Blog Embed Test.md' contains a link 'Assets/media/Blog%20Embed%20Test/Test%20Page%202023-08-25%2004.41.44.excalidraw.dark.svg', but the target 'Articles/2024/April/Assets/media/Blog Embed Test/Test Page 2023-08-25 04.41.44.excalidraw.dark.svg' is not found among documentation files.
[1721671833.936][INFO ][mkdocs/structure/pages.py:495] Doc file 'Articles/2024/April/Rise of Internal Developer Portals (iDp) - Part 1.md' contains an absolute link '/Assets/media/Images/Rise%20of%20Internal%20Developer%20Portals%20(iDp)%20-%20Part%201/Rise%20of%20Internal%20Developer%20Portals%20(iDp)%20-%20Part%201-image-20230718235101592.png', it was left as is.
[1721671833.936][INFO ][mkdocs/structure/pages.py:495] Doc file 'Articles/2024/April/Rise of Internal Developer Portals (iDp) - Part 1.md' contains an absolute link '/Assets/media/Images/Rise%20of%20Internal%20Developer%20Portals%20(iDp)%20-%20Part%201/Rise%20of%20Internal%20Developer%20Portals%20(iDp)%20-%20Part%201-image-20230718234232524.png', it was left as is.
[1721671834.045][WARNI][mkdocs/structure/pages.py:495] Doc file 'Articles/2024/March/Productivity Audits & the Fine art of Mastering Your Day.md' contains a link 'Recording%2020230904032416.webm', but the target 'Articles/2024/March/Recording 20230904032416.webm' is not found among documentation files.
[1721671834.848][INFO ][mkdocs/structure/pages.py:495] Doc file 'tags.md' contains an unrecognized relative link 'Articles/2024/May/Anatomy of Linux Kernel - Linux Kernel for System Engineers #2.md', it was left as is.
[1721671834.848][INFO ][mkdocs/structure/pages.py:495] Doc file 'tags.md' contains an unrecognized relative link 'Articles/2024/May/Anatomy of Linux Kernel - Linux Kernel for System Engineers #2.md', it was left as is.
[1721671834.848][INFO ][mkdocs/structure/pages.py:495] Doc file 'tags.md' contains an unrecognized relative link 'Articles/2024/May/Anatomy of Linux Kernel - Linux Kernel for System Engineers #2.md', it was left as is.
[1721671838.848][INFO ][mkdocs/structure/pages.py:323] Doc file 'Articles/2024/May/Booting up Linux Kernel - Linux for Engineers 1.md' contains a link '#Linux-Kernel-Bootup-Sequence', but there is no such anchor on this page.
[1721671838.861][INFO ][mkdocs/commands/build.py:353] Documentation built in 5.08 seconds
[1721671838.863][INFO ][mkdocs/livereload/__init__.py:180] Watching paths for changes: 'docs', 'mkdocs.yml'
[1721671838.863][INFO ][mkdocs/livereload/__init__.py:185] Serving on http://127.0.0.1:8000/
[1721671841.654][WARNI][mkdocs/livereload/__init__.py:364] "GET /assets/css/nav.css HTTP/1.1" code 404
[1721671841.656][WARNI][mkdocs/livereload/__init__.py:364] "GET /node_modules/tw-elements/dist/js/tw-elements.umd.min.js HTTP/1.1" code 404
[1721671841.687][WARNI][mkdocs/livereload/__init__.py:364] "GET /Recording%2020230904032416.webm HTTP/1.1" code 404
[1721671841.700][WARNI][mkdocs/livereload/__init__.py:364] "GET /Assets/2024-07-22-23-27-03.png HTTP/1.1" code 404
[1721671841.807][WARNI][mkdocs/livereload/__init__.py:364] "GET /assets/css/nav.css HTTP/1.1" code 404
[1721671841.839][WARNI][mkdocs/livereload/__init__.py:364] "GET /Recording%2020230904032416.webm HTTP/1.1" code 404
[1721671842.012][INFO ][mkdocs/livereload/__init__.py:344] Browser connected: http://localhost:8000/
[1721671899.110][INFO ][mkdocs/livereload/__init__.py:203] Detected file changes
[1721671899.211][INFO ][mkdocs/commands/serve.py:62] Building documentation...
[1721671899.221][WARNI][mkdocs/config/base.py:377] Config value 'plugins': Plugin 'rss' option 'feeds_filenames': Unrecognised configuration name: feeds_filenames
[1721671899.221][WARNI][mkdocs/config/base.py:377] Config value 'pub-obsidian': Unrecognised configuration name: pub-obsidian
[1721671899.221][WARNI][mkdocs/config/base.py:377] Config value 'exclude': Unrecognised configuration name: exclude
[1721671899.315][INFO ][mkdocs/structure/nav.py:174] An absolute path to '/...' is included in the 'nav' configuration, which presumably points to an external resource.
[1721671899.336][WARNI][mkdocs_rss_plugin/util.py:504] [RSS-plugin]: No description generated from metadata or content of the page index.md, therefore the feed won't be compliant, because an item must have a description.
[1721671899.342][WARNI][mkdocs/structure/pages.py:495] Doc file 'Articles/2024/April/Blog Embed Test.md' contains a link 'Assets/media/AI%20Checklist%20for%20Startups/AI%20Checklist%20for%20Startups%202023-12-28%2019.38.11.excalidraw.svg', but the target 'Articles/2024/April/Assets/media/AI Checklist for Startups/AI Checklist for Startups 2023-12-28 19.38.11.excalidraw.svg' is not found among documentation files.
[1721671899.342][WARNI][mkdocs/structure/pages.py:495] Doc file 'Articles/2024/April/Blog Embed Test.md' contains a link 'Assets/media/AI%20Checklist%20for%20Startups/Recording%2020231228185105.webm', but the target 'Articles/2024/April/Assets/media/AI Checklist for Startups/Recording 20231228185105.webm' is not found among documentation files.
[1721671899.342][WARNI][mkdocs/structure/pages.py:495] Doc file 'Articles/2024/April/Blog Embed Test.md' contains a link 'Assets/media/AI%20Checklist%20for%20Startups/AI%20Checklist%20for%20Startups-image-20231228183546666.png', but the target 'Articles/2024/April/Assets/media/AI Checklist for Startups/AI Checklist for Startups-image-20231228183546666.png' is not found among documentation files.
[1721671899.342][WARNI][mkdocs/structure/pages.py:495] Doc file 'Articles/2024/April/Blog Embed Test.md' contains a link 'Assets/media/Blog%20Embed%20Test/Test%20Page%202023-08-25%2004.41.44.excalidraw.md', but the target 'Articles/2024/April/Assets/media/Blog Embed Test/Test Page 2023-08-25 04.41.44.excalidraw.md' is not found among documentation files.
[1721671899.343][WARNI][mkdocs/structure/pages.py:495] Doc file 'Articles/2024/April/Blog Embed Test.md' contains a link 'Assets/media/Blog%20Embed%20Test/Test%20Page%202023-08-25%2004.41.44.excalidraw.dark.svg', but the target 'Articles/2024/April/Assets/media/Blog Embed Test/Test Page 2023-08-25 04.41.44.excalidraw.dark.svg' is not found among documentation files.
[1721671899.359][INFO ][mkdocs/structure/pages.py:495] Doc file 'Articles/2024/April/Rise of Internal Developer Portals (iDp) - Part 1.md' contains an absolute link '/Assets/media/Images/Rise%20of%20Internal%20Developer%20Portals%20(iDp)%20-%20Part%201/Rise%20of%20Internal%20Developer%20Portals%20(iDp)%20-%20Part%201-image-20230718235101592.png', it was left as is.
[1721671899.359][INFO ][mkdocs/structure/pages.py:495] Doc file 'Articles/2024/April/Rise of Internal Developer Portals (iDp) - Part 1.md' contains an absolute link '/Assets/media/Images/Rise%20of%20Internal%20Developer%20Portals%20(iDp)%20-%20Part%201/Rise%20of%20Internal%20Developer%20Portals%20(iDp)%20-%20Part%201-image-20230718234232524.png', it was left as is.
[1721671899.454][WARNI][mkdocs/structure/pages.py:495] Doc file 'Articles/2024/March/Productivity Audits & the Fine art of Mastering Your Day.md' contains a link 'Recording%2020230904032416.webm', but the target 'Articles/2024/March/Recording 20230904032416.webm' is not found among documentation files.
[1721671900.272][INFO ][mkdocs/structure/pages.py:495] Doc file 'tags.md' contains an unrecognized relative link 'Articles/2024/May/Anatomy of Linux Kernel - Linux Kernel for System Engineers #2.md', it was left as is.
[1721671900.272][INFO ][mkdocs/structure/pages.py:495] Doc file 'tags.md' contains an unrecognized relative link 'Articles/2024/May/Anatomy of Linux Kernel - Linux Kernel for System Engineers #2.md', it was left as is.
[1721671900.272][INFO ][mkdocs/structure/pages.py:495] Doc file 'tags.md' contains an unrecognized relative link 'Articles/2024/May/Anatomy of Linux Kernel - Linux Kernel for System Engineers #2.md', it was left as is.
[1721671904.711][INFO ][mkdocs/structure/pages.py:323] Doc file 'Articles/2024/May/Booting up Linux Kernel - Linux for Engineers 1.md' contains a link '#Linux-Kernel-Bootup-Sequence', but there is no such anchor on this page.
[1721671904.723][INFO ][mkdocs/commands/build.py:353] Documentation built in 5.50 seconds
[1721671904.723][INFO ][mkdocs/livereload/__init__.py:223] Reloading browsers
[1721671904.779][WARNI][mkdocs/livereload/__init__.py:364] "GET /assets/css/nav.css HTTP/1.1" code 404
[1721671904.793][WARNI][mkdocs/livereload/__init__.py:364] "GET /node_modules/tw-elements/dist/js/tw-elements.umd.min.js HTTP/1.1" code 404
[1721671904.824][WARNI][mkdocs/livereload/__init__.py:364] "GET /Recording%2020230904032416.webm HTTP/1.1" code 404
[1721671904.906][WARNI][mkdocs/livereload/__init__.py:364] "GET /assets/css/nav.css HTTP/1.1" code 404
[1721671904.951][WARNI][mkdocs/livereload/__init__.py:364] "GET /Recording%2020230904032416.webm HTTP/1.1" code 404
[1721671905.351][INFO ][mkdocs/livereload/__init__.py:344] Browser connected: http://localhost:8000/
[1721671917.121][WARNI][mkdocs/livereload/__init__.py:364] "GET /Recording%2020230904032416.webm HTTP/1.1" code 404
[1721671944.310][WARNI][mkdocs/livereload/__init__.py:364] "GET /category/management/Recording%2020230904032416.webm HTTP/1.1" code 404
[1721671947.216][WARNI][mkdocs/livereload/__init__.py:364] "GET /archive/2024/Recording%2020230904032416.webm HTTP/1.1" code 404
[1721671953.756][WARNI][mkdocs/livereload/__init__.py:364] "GET /archive/2024/Recording%2020230904032416.webm HTTP/1.1" code 404
[1721671957.231][WARNI][mkdocs/livereload/__init__.py:364] "GET /Recording%2020230904032416.webm HTTP/1.1" code 404
[1721671962.745][WARNI][mkdocs/livereload/__init__.py:364] "GET /archive/2024/Recording%2020230904032416.webm HTTP/1.1" code 404
[1721671965.355][INFO ][mkdocs/livereload/__init__.py:344] Browser connected: http://localhost:8000/archive/2024/
[1721671965.737][WARNI][mkdocs/livereload/__init__.py:364] "GET /assets/css/nav.css HTTP/1.1" code 404
[1721672112.505][WARNI][mkdocs/livereload/__init__.py:364] "GET /assets/css/nav.css HTTP/1.1" code 404
[1721672112.520][WARNI][mkdocs/livereload/__init__.py:364] "GET /archive/node_modules/tw-elements/dist/js/tw-elements.umd.min.js HTTP/1.1" code 404
[1721672112.573][WARNI][mkdocs/livereload/__init__.py:364] "GET /archive/2024/Recording%2020230904032416.webm HTTP/1.1" code 404
[1721672112.723][WARNI][mkdocs/livereload/__init__.py:364] "GET /assets/css/nav.css HTTP/1.1" code 404
[1721672112.757][WARNI][mkdocs/livereload/__init__.py:364] "GET /archive/2024/Recording%2020230904032416.webm HTTP/1.1" code 404
[1721672112.943][INFO ][mkdocs/livereload/__init__.py:344] Browser connected: http://localhost:8000/archive/2024/
[1721672118.424][WARNI][mkdocs/livereload/__init__.py:364] "GET /Recording%2020230904032416.webm HTTP/1.1" code 404
[1721672172.958][INFO ][mkdocs/livereload/__init__.py:344] Browser connected: http://localhost:8000/2024/04/28/linux-kernel-explained---deep-dive-series-for-system-engineers/
[1721672179.836][WARNI][mkdocs/livereload/__init__.py:364] "GET /Recording%2020230904032416.webm HTTP/1.1" code 404
[1721672376.370][WARNI][mkdocs/livereload/__init__.py:364] "GET /assets/css/nav.css HTTP/1.1" code 404
[1721672376.386][WARNI][mkdocs/livereload/__init__.py:364] "GET /node_modules/tw-elements/dist/js/tw-elements.umd.min.js HTTP/1.1" code 404
[1721672376.431][WARNI][mkdocs/livereload/__init__.py:364] "GET /Recording%2020230904032416.webm HTTP/1.1" code 404
[1721672376.573][WARNI][mkdocs/livereload/__init__.py:364] "GET /assets/css/nav.css HTTP/1.1" code 404
[1721672376.609][WARNI][mkdocs/livereload/__init__.py:364] "GET /Recording%2020230904032416.webm HTTP/1.1" code 404
[1721672376.868][INFO ][mkdocs/livereload/__init__.py:344] Browser connected: http://localhost:8000/
[1721672436.874][INFO ][mkdocs/livereload/__init__.py:344] Browser connected: http://localhost:8000/2024/07/15/visual-programming---promised-utopia-and-the-advent-of-genai/
[1721673241.832][WARNI][mkdocs/livereload/__init__.py:364] "GET /archive/2024/Recording%2020230904032416.webm HTTP/1.1" code 404
[1721673247.610][WARNI][mkdocs/livereload/__init__.py:364] "GET /assets/css/nav.css HTTP/1.1" code 404
[1721673247.635][WARNI][mkdocs/livereload/__init__.py:364] "GET /2024/06/04/node_modules/tw-elements/dist/js/tw-elements.umd.min.js HTTP/1.1" code 404
[1721673249.538][WARNI][mkdocs/livereload/__init__.py:364] "GET /assets/css/nav.css HTTP/1.1" code 404
[1721673250.239][INFO ][mkdocs/livereload/__init__.py:344] Browser connected: http://localhost:8000/2024/06/04/unleash-the-forbidden---enabling-ebpfxdp-for-kernel-tinkering-on-wsl2/
[1721673250.689][INFO ][mkdocs/livereload/__init__.py:344] Browser connected: http://localhost:8000/archive/2024/
[1721673257.577][WARNI][mkdocs/livereload/__init__.py:364] "GET /assets/css/nav.css HTTP/1.1" code 404
[1721673257.581][WARNI][mkdocs/livereload/__init__.py:364] "GET /2024/04/28/node_modules/tw-elements/dist/js/tw-elements.umd.min.js HTTP/1.1" code 404
[1721673257.797][WARNI][mkdocs/livereload/__init__.py:364] "GET /assets/css/nav.css HTTP/1.1" code 404
[1721673257.892][INFO ][mkdocs/livereload/__init__.py:344] Browser connected: http://localhost:8000/2024/04/28/linux-kernel-explained---deep-dive-series-for-system-engineers/
[1721673258.227][WARNI][mkdocs/livereload/__init__.py:364] "GET /assets/css/nav.css HTTP/1.1" code 404
[1721673258.234][WARNI][mkdocs/livereload/__init__.py:364] "GET /archive/node_modules/tw-elements/dist/js/tw-elements.umd.min.js HTTP/1.1" code 404
[1721673258.262][WARNI][mkdocs/livereload/__init__.py:364] "GET /archive/2024/Recording%2020230904032416.webm HTTP/1.1" code 404
[1721673258.333][WARNI][mkdocs/livereload/__init__.py:364] "GET /assets/css/nav.css HTTP/1.1" code 404
[1721673258.364][WARNI][mkdocs/livereload/__init__.py:364] "GET /archive/2024/Recording%2020230904032416.webm HTTP/1.1" code 404
[1721673259.836][INFO ][mkdocs/livereload/__init__.py:344] Browser connected: http://localhost:8000/archive/2024/
[1721673262.930][WARNI][mkdocs/livereload/__init__.py:364] "GET /assets/css/nav.css HTTP/1.1" code 404
[1721673262.944][WARNI][mkdocs/livereload/__init__.py:364] "GET /2024/04/28/node_modules/tw-elements/dist/js/tw-elements.umd.min.js HTTP/1.1" code 404
[1721673263.113][WARNI][mkdocs/livereload/__init__.py:364] "GET /assets/css/nav.css HTTP/1.1" code 404
[1721673263.165][INFO ][mkdocs/livereload/__init__.py:344] Browser connected: http://localhost:8000/2024/04/28/booting-up-linux-kernel---linux-for-engineers/
[1721673282.539][WARNI][mkdocs/livereload/__init__.py:364] "GET /assets/css/nav.css HTTP/1.1" code 404
[1721673282.557][WARNI][mkdocs/livereload/__init__.py:364] "GET /2024/04/07/node_modules/tw-elements/dist/js/tw-elements.umd.min.js HTTP/1.1" code 404
[1721673282.674][WARNI][mkdocs/livereload/__init__.py:364] "GET /assets/css/nav.css HTTP/1.1" code 404
[1721673282.759][INFO ][mkdocs/livereload/__init__.py:344] Browser connected: http://localhost:8000/2024/04/07/ghost-in-a-shell---what-the-heck-is-a-terminalshelltty/
[1721673283.164][WARNI][mkdocs/livereload/__init__.py:364] "GET /assets/css/nav.css HTTP/1.1" code 404
[1721673283.182][WARNI][mkdocs/livereload/__init__.py:364] "GET /archive/node_modules/tw-elements/dist/js/tw-elements.umd.min.js HTTP/1.1" code 404
[1721673283.198][WARNI][mkdocs/livereload/__init__.py:364] "GET /archive/2024/Recording%2020230904032416.webm HTTP/1.1" code 404
[1721673283.278][WARNI][mkdocs/livereload/__init__.py:364] "GET /assets/css/nav.css HTTP/1.1" code 404
[1721673283.305][WARNI][mkdocs/livereload/__init__.py:364] "GET /archive/2024/Recording%2020230904032416.webm HTTP/1.1" code 404
[1721673294.082][WARNI][mkdocs/livereload/__init__.py:364] "GET /assets/css/nav.css HTTP/1.1" code 404
[1721673294.111][WARNI][mkdocs/livereload/__init__.py:364] "GET /2024/03/28/node_modules/tw-elements/dist/js/tw-elements.umd.min.js HTTP/1.1" code 404
[1721673294.263][WARNI][mkdocs/livereload/__init__.py:364] "GET /assets/css/nav.css HTTP/1.1" code 404
[1721673295.757][INFO ][mkdocs/livereload/__init__.py:344] Browser connected: http://localhost:8000/2024/03/28/linux-kernel-explained---deep-dive-series-for-system-engineers/
[1721673347.693][WARNI][mkdocs/livereload/__init__.py:364] "GET /assets/css/nav.css HTTP/1.1" code 404
[1721673544.320][WARNI][mkdocs/livereload/__init__.py:364] "GET /Recording%2020230904032416.webm HTTP/1.1" code 404
[1721673549.135][WARNI][mkdocs/livereload/__init__.py:364] "GET /Recording%2020230904032416.webm HTTP/1.1" code 404
[1721673616.770][INFO ][mkdocs/livereload/__init__.py:344] Browser connected: http://localhost:8000/2024/04/07/ghost-in-a-shell---what-the-heck-is-a-terminalshelltty/
[1721673646.752][WARNI][mkdocs/livereload/__init__.py:364] "GET /2024/03/19/productivity-audits--the-fine-art-of-mastering-your-day/Recording%2020230904032416.webm HTTP/1.1" code 404
[1721673663.405][WARNI][mkdocs/livereload/__init__.py:364] "GET /2023/01/01/blog-embed-test/Assets/media/AI%20Checklist%20for%20Startups/AI%20Checklist%20for%20Startups%202023-12-28%2019.38.11.excalidraw.svg HTTP/1.1" code 404
[1721673663.406][WARNI][mkdocs/livereload/__init__.py:364] "GET /2023/01/01/blog-embed-test/Assets/media/AI%20Checklist%20for%20Startups/Recording%2020231228185105.webm HTTP/1.1" code 404
[1721673663.411][WARNI][mkdocs/livereload/__init__.py:364] "GET /2023/01/01/blog-embed-test/Assets/media/AI%20Checklist%20for%20Startups/AI%20Checklist%20for%20Startups-image-20231228183546666.png HTTP/1.1" code 404
[1721673676.780][INFO ][mkdocs/livereload/__init__.py:344] Browser connected: http://localhost:8000/2023/01/01/blog-embed-test/
[1721673693.081][WARNI][mkdocs/livereload/__init__.py:364] "GET /2024/03/19/productivity-audits--the-fine-art-of-mastering-your-day/Recording%2020230904032416.webm HTTP/1.1" code 404
[1721673699.929][WARNI][mkdocs/livereload/__init__.py:364] "GET /Assets/media/Images/Rise%20of%20Internal%20Developer%20Portals%20(iDp)%20-%20Part%201/Rise%20of%20Internal%20Developer%20Portals%20(iDp)%20-%20Part%201-image-20230718235101592.png HTTP/1.1" code 404
[1721673699.940][WARNI][mkdocs/livereload/__init__.py:364] "GET /Assets/media/Images/Rise%20of%20Internal%20Developer%20Portals%20(iDp)%20-%20Part%201/Rise%20of%20Internal%20Developer%20Portals%20(iDp)%20-%20Part%201-image-20230718234232524.png HTTP/1.1" code 404
[1721673736.785][INFO ][mkdocs/livereload/__init__.py:344] Browser connected: http://localhost:8000/2024/04/28/linux-kernel-explained---deep-dive-series-for-system-engineers/
[1721673796.792][INFO ][mkdocs/livereload/__init__.py:344] Browser connected: http://localhost:8000/2024/06/04/unleash-the-forbidden---enabling-ebpfxdp-for-kernel-tinkering-on-wsl2/
[1721673832.022][INFO ][mkdocs/livereload/__init__.py:203] Detected file changes
[1721673832.123][INFO ][mkdocs/commands/serve.py:62] Building documentation...
[1721673832.133][WARNI][mkdocs/config/base.py:377] Config value 'plugins': Plugin 'rss' option 'feeds_filenames': Unrecognised configuration name: feeds_filenames
[1721673832.133][WARNI][mkdocs/config/base.py:377] Config value 'pub-obsidian': Unrecognised configuration name: pub-obsidian
[1721673832.134][WARNI][mkdocs/config/base.py:377] Config value 'exclude': Unrecognised configuration name: exclude
[1721673832.233][INFO ][mkdocs/structure/nav.py:174] An absolute path to '/...' is included in the 'nav' configuration, which presumably points to an external resource.
[1721673832.253][WARNI][mkdocs_rss_plugin/util.py:504] [RSS-plugin]: No description generated from metadata or content of the page index.md, therefore the feed won't be compliant, because an item must have a description.
[1721673832.259][WARNI][mkdocs/structure/pages.py:495] Doc file 'Articles/2024/April/Blog Embed Test.md' contains a link 'Assets/media/AI%20Checklist%20for%20Startups/AI%20Checklist%20for%20Startups%202023-12-28%2019.38.11.excalidraw.svg', but the target 'Articles/2024/April/Assets/media/AI Checklist for Startups/AI Checklist for Startups 2023-12-28 19.38.11.excalidraw.svg' is not found among documentation files.
[1721673832.259][WARNI][mkdocs/structure/pages.py:495] Doc file 'Articles/2024/April/Blog Embed Test.md' contains a link 'Assets/media/AI%20Checklist%20for%20Startups/Recording%2020231228185105.webm', but the target 'Articles/2024/April/Assets/media/AI Checklist for Startups/Recording 20231228185105.webm' is not found among documentation files.
[1721673832.259][WARNI][mkdocs/structure/pages.py:495] Doc file 'Articles/2024/April/Blog Embed Test.md' contains a link 'Assets/media/AI%20Checklist%20for%20Startups/AI%20Checklist%20for%20Startups-image-20231228183546666.png', but the target 'Articles/2024/April/Assets/media/AI Checklist for Startups/AI Checklist for Startups-image-20231228183546666.png' is not found among documentation files.
[1721673832.259][WARNI][mkdocs/structure/pages.py:495] Doc file 'Articles/2024/April/Blog Embed Test.md' contains a link 'Assets/media/Blog%20Embed%20Test/Test%20Page%202023-08-25%2004.41.44.excalidraw.md', but the target 'Articles/2024/April/Assets/media/Blog Embed Test/Test Page 2023-08-25 04.41.44.excalidraw.md' is not found among documentation files.
[1721673832.260][WARNI][mkdocs/structure/pages.py:495] Doc file 'Articles/2024/April/Blog Embed Test.md' contains a link 'Assets/media/Blog%20Embed%20Test/Test%20Page%202023-08-25%2004.41.44.excalidraw.dark.svg', but the target 'Articles/2024/April/Assets/media/Blog Embed Test/Test Page 2023-08-25 04.41.44.excalidraw.dark.svg' is not found among documentation files.
[1721673832.279][INFO ][mkdocs/structure/pages.py:495] Doc file 'Articles/2024/April/Rise of Internal Developer Portals (iDp) - Part 1.md' contains an absolute link '/Assets/media/Images/Rise%20of%20Internal%20Developer%20Portals%20(iDp)%20-%20Part%201/Rise%20of%20Internal%20Developer%20Portals%20(iDp)%20-%20Part%201-image-20230718235101592.png', it was left as is.
[1721673832.280][INFO ][mkdocs/structure/pages.py:495] Doc file 'Articles/2024/April/Rise of Internal Developer Portals (iDp) - Part 1.md' contains an absolute link '/Assets/media/Images/Rise%20of%20Internal%20Developer%20Portals%20(iDp)%20-%20Part%201/Rise%20of%20Internal%20Developer%20Portals%20(iDp)%20-%20Part%201-image-20230718234232524.png', it was left as is.
[1721673832.380][WARNI][mkdocs/structure/pages.py:495] Doc file 'Articles/2024/March/Productivity Audits & the Fine art of Mastering Your Day.md' contains a link 'Recording%2020230904032416.webm', but the target 'Articles/2024/March/Recording 20230904032416.webm' is not found among documentation files.
[1721673833.160][INFO ][mkdocs/structure/pages.py:495] Doc file 'tags.md' contains an unrecognized relative link 'Articles/2024/May/Anatomy of Linux Kernel - Linux Kernel for System Engineers #2.md', it was left as is.
[1721673833.160][INFO ][mkdocs/structure/pages.py:495] Doc file 'tags.md' contains an unrecognized relative link 'Articles/2024/May/Anatomy of Linux Kernel - Linux Kernel for System Engineers #2.md', it was left as is.
[1721673833.160][INFO ][mkdocs/structure/pages.py:495] Doc file 'tags.md' contains an unrecognized relative link 'Articles/2024/May/Anatomy of Linux Kernel - Linux Kernel for System Engineers #2.md', it was left as is.
[1721673837.340][INFO ][mkdocs/structure/pages.py:323] Doc file 'Articles/2024/May/Booting up Linux Kernel - Linux for Engineers 1.md' contains a link '#Linux-Kernel-Bootup-Sequence', but there is no such anchor on this page.
[1721673837.353][INFO ][mkdocs/commands/build.py:353] Documentation built in 5.22 seconds
[1721673837.353][INFO ][mkdocs/livereload/__init__.py:223] Reloading browsers
[1721673837.456][WARNI][mkdocs/livereload/__init__.py:364] "GET /assets/css/nav.css HTTP/1.1" code 404
[1721673837.479][WARNI][mkdocs/livereload/__init__.py:364] "GET /2024/06/04/node_modules/tw-elements/dist/js/tw-elements.umd.min.js HTTP/1.1" code 404
[1721673839.702][WARNI][mkdocs/livereload/__init__.py:364] "GET /assets/css/nav.css HTTP/1.1" code 404
[1721673840.476][INFO ][mkdocs/livereload/__init__.py:344] Browser connected: http://localhost:8000/2024/06/04/unleash-the-forbidden---enabling-ebpfxdp-for-kernel-tinkering-on-wsl2/
[1721673856.435][INFO ][mkdocs/livereload/__init__.py:203] Detected file changes
[1721673856.536][INFO ][mkdocs/commands/serve.py:62] Building documentation...
[1721673856.546][WARNI][mkdocs/config/base.py:377] Config value 'plugins': Plugin 'rss' option 'feeds_filenames': Unrecognised configuration name: feeds_filenames
[1721673856.546][WARNI][mkdocs/config/base.py:377] Config value 'pub-obsidian': Unrecognised configuration name: pub-obsidian
[1721673856.546][WARNI][mkdocs/config/base.py:377] Config value 'exclude': Unrecognised configuration name: exclude
[1721673856.639][INFO ][mkdocs/structure/nav.py:174] An absolute path to '/...' is included in the 'nav' configuration, which presumably points to an external resource.
[1721673856.660][WARNI][mkdocs_rss_plugin/util.py:504] [RSS-plugin]: No description generated from metadata or content of the page index.md, therefore the feed won't be compliant, because an item must have a description.
[1721673856.665][WARNI][mkdocs/structure/pages.py:495] Doc file 'Articles/2024/April/Blog Embed Test.md' contains a link 'Assets/media/AI%20Checklist%20for%20Startups/AI%20Checklist%20for%20Startups%202023-12-28%2019.38.11.excalidraw.svg', but the target 'Articles/2024/April/Assets/media/AI Checklist for Startups/AI Checklist for Startups 2023-12-28 19.38.11.excalidraw.svg' is not found among documentation files.
[1721673856.665][WARNI][mkdocs/structure/pages.py:495] Doc file 'Articles/2024/April/Blog Embed Test.md' contains a link 'Assets/media/AI%20Checklist%20for%20Startups/Recording%2020231228185105.webm', but the target 'Articles/2024/April/Assets/media/AI Checklist for Startups/Recording 20231228185105.webm' is not found among documentation files.
[1721673856.666][WARNI][mkdocs/structure/pages.py:495] Doc file 'Articles/2024/April/Blog Embed Test.md' contains a link 'Assets/media/AI%20Checklist%20for%20Startups/AI%20Checklist%20for%20Startups-image-20231228183546666.png', but the target 'Articles/2024/April/Assets/media/AI Checklist for Startups/AI Checklist for Startups-image-20231228183546666.png' is not found among documentation files.
[1721673856.666][WARNI][mkdocs/structure/pages.py:495] Doc file 'Articles/2024/April/Blog Embed Test.md' contains a link 'Assets/media/Blog%20Embed%20Test/Test%20Page%202023-08-25%2004.41.44.excalidraw.md', but the target 'Articles/2024/April/Assets/media/Blog Embed Test/Test Page 2023-08-25 04.41.44.excalidraw.md' is not found among documentation files.
[1721673856.666][WARNI][mkdocs/structure/pages.py:495] Doc file 'Articles/2024/April/Blog Embed Test.md' contains a link 'Assets/media/Blog%20Embed%20Test/Test%20Page%202023-08-25%2004.41.44.excalidraw.dark.svg', but the target 'Articles/2024/April/Assets/media/Blog Embed Test/Test Page 2023-08-25 04.41.44.excalidraw.dark.svg' is not found among documentation files.
[1721673856.682][INFO ][mkdocs/structure/pages.py:495] Doc file 'Articles/2024/April/Rise of Internal Developer Portals (iDp) - Part 1.md' contains an absolute link '/Assets/media/Images/Rise%20of%20Internal%20Developer%20Portals%20(iDp)%20-%20Part%201/Rise%20of%20Internal%20Developer%20Portals%20(iDp)%20-%20Part%201-image-20230718235101592.png', it was left as is.
[1721673856.682][INFO ][mkdocs/structure/pages.py:495] Doc file 'Articles/2024/April/Rise of Internal Developer Portals (iDp) - Part 1.md' contains an absolute link '/Assets/media/Images/Rise%20of%20Internal%20Developer%20Portals%20(iDp)%20-%20Part%201/Rise%20of%20Internal%20Developer%20Portals%20(iDp)%20-%20Part%201-image-20230718234232524.png', it was left as is.
[1721673856.779][WARNI][mkdocs/structure/pages.py:495] Doc file 'Articles/2024/March/Productivity Audits & the Fine art of Mastering Your Day.md' contains a link 'Recording%2020230904032416.webm', but the target 'Articles/2024/March/Recording 20230904032416.webm' is not found among documentation files.
[1721673857.602][INFO ][mkdocs/structure/pages.py:495] Doc file 'tags.md' contains an unrecognized relative link 'Articles/2024/May/Anatomy of Linux Kernel - Linux Kernel for System Engineers #2.md', it was left as is.
[1721673857.602][INFO ][mkdocs/structure/pages.py:495] Doc file 'tags.md' contains an unrecognized relative link 'Articles/2024/May/Anatomy of Linux Kernel - Linux Kernel for System Engineers #2.md', it was left as is.
[1721673857.602][INFO ][mkdocs/structure/pages.py:495] Doc file 'tags.md' contains an unrecognized relative link 'Articles/2024/May/Anatomy of Linux Kernel - Linux Kernel for System Engineers #2.md', it was left as is.
[1721673861.658][INFO ][mkdocs/structure/pages.py:323] Doc file 'Articles/2024/May/Booting up Linux Kernel - Linux for Engineers 1.md' contains a link '#Linux-Kernel-Bootup-Sequence', but there is no such anchor on this page.
[1721673861.669][INFO ][mkdocs/commands/build.py:353] Documentation built in 5.12 seconds
[1721673861.669][INFO ][mkdocs/livereload/__init__.py:223] Reloading browsers
[1721673861.756][WARNI][mkdocs/livereload/__init__.py:364] "GET /assets/css/nav.css HTTP/1.1" code 404
[1721673861.772][WARNI][mkdocs/livereload/__init__.py:364] "GET /2024/06/04/node_modules/tw-elements/dist/js/tw-elements.umd.min.js HTTP/1.1" code 404
[1721673863.247][WARNI][mkdocs/livereload/__init__.py:364] "GET /assets/css/nav.css HTTP/1.1" code 404
[1721673864.123][INFO ][mkdocs/livereload/__init__.py:344] Browser connected: http://localhost:8000/2024/06/04/unleash-the-forbidden---enabling-ebpfxdp-for-kernel-tinkering-on-wsl2/
[1721673908.021][INFO ][mkdocs/livereload/__init__.py:203] Detected file changes
[1721673908.122][INFO ][mkdocs/commands/serve.py:62] Building documentation...
[1721673908.132][WARNI][mkdocs/config/base.py:377] Config value 'plugins': Plugin 'rss' option 'feeds_filenames': Unrecognised configuration name: feeds_filenames
[1721673908.132][WARNI][mkdocs/config/base.py:377] Config value 'pub-obsidian': Unrecognised configuration name: pub-obsidian
[1721673908.132][WARNI][mkdocs/config/base.py:377] Config value 'exclude': Unrecognised configuration name: exclude
[1721673908.230][INFO ][mkdocs/structure/nav.py:174] An absolute path to '/...' is included in the 'nav' configuration, which presumably points to an external resource.
[1721673908.253][WARNI][mkdocs_rss_plugin/util.py:504] [RSS-plugin]: No description generated from metadata or content of the page index.md, therefore the feed won't be compliant, because an item must have a description.
[1721673908.258][WARNI][mkdocs/structure/pages.py:495] Doc file 'Articles/2024/April/Blog Embed Test.md' contains a link 'Assets/media/AI%20Checklist%20for%20Startups/AI%20Checklist%20for%20Startups%202023-12-28%2019.38.11.excalidraw.svg', but the target 'Articles/2024/April/Assets/media/AI Checklist for Startups/AI Checklist for Startups 2023-12-28 19.38.11.excalidraw.svg' is not found among documentation files.
[1721673908.258][WARNI][mkdocs/structure/pages.py:495] Doc file 'Articles/2024/April/Blog Embed Test.md' contains a link 'Assets/media/AI%20Checklist%20for%20Startups/Recording%2020231228185105.webm', but the target 'Articles/2024/April/Assets/media/AI Checklist for Startups/Recording 20231228185105.webm' is not found among documentation files.
[1721673908.258][WARNI][mkdocs/structure/pages.py:495] Doc file 'Articles/2024/April/Blog Embed Test.md' contains a link 'Assets/media/AI%20Checklist%20for%20Startups/AI%20Checklist%20for%20Startups-image-20231228183546666.png', but the target 'Articles/2024/April/Assets/media/AI Checklist for Startups/AI Checklist for Startups-image-20231228183546666.png' is not found among documentation files.
[1721673908.259][WARNI][mkdocs/structure/pages.py:495] Doc file 'Articles/2024/April/Blog Embed Test.md' contains a link 'Assets/media/Blog%20Embed%20Test/Test%20Page%202023-08-25%2004.41.44.excalidraw.md', but the target 'Articles/2024/April/Assets/media/Blog Embed Test/Test Page 2023-08-25 04.41.44.excalidraw.md' is not found among documentation files.
[1721673908.259][WARNI][mkdocs/structure/pages.py:495] Doc file 'Articles/2024/April/Blog Embed Test.md' contains a link 'Assets/media/Blog%20Embed%20Test/Test%20Page%202023-08-25%2004.41.44.excalidraw.dark.svg', but the target 'Articles/2024/April/Assets/media/Blog Embed Test/Test Page 2023-08-25 04.41.44.excalidraw.dark.svg' is not found among documentation files.
[1721673908.319][INFO ][mkdocs/structure/pages.py:495] Doc file 'Articles/2024/April/Rise of Internal Developer Portals (iDp) - Part 1.md' contains an absolute link '/Assets/media/Images/Rise%20of%20Internal%20Developer%20Portals%20(iDp)%20-%20Part%201/Rise%20of%20Internal%20Developer%20Portals%20(iDp)%20-%20Part%201-image-20230718235101592.png', it was left as is.
[1721673908.320][INFO ][mkdocs/structure/pages.py:495] Doc file 'Articles/2024/April/Rise of Internal Developer Portals (iDp) - Part 1.md' contains an absolute link '/Assets/media/Images/Rise%20of%20Internal%20Developer%20Portals%20(iDp)%20-%20Part%201/Rise%20of%20Internal%20Developer%20Portals%20(iDp)%20-%20Part%201-image-20230718234232524.png', it was left as is.
[1721673908.415][WARNI][mkdocs/structure/pages.py:495] Doc file 'Articles/2024/March/Productivity Audits & the Fine art of Mastering Your Day.md' contains a link 'Recording%2020230904032416.webm', but the target 'Articles/2024/March/Recording 20230904032416.webm' is not found among documentation files.
[1721673909.206][INFO ][mkdocs/structure/pages.py:495] Doc file 'tags.md' contains an unrecognized relative link 'Articles/2024/May/Anatomy of Linux Kernel - Linux Kernel for System Engineers #2.md', it was left as is.
[1721673909.207][INFO ][mkdocs/structure/pages.py:495] Doc file 'tags.md' contains an unrecognized relative link 'Articles/2024/May/Anatomy of Linux Kernel - Linux Kernel for System Engineers #2.md', it was left as is.
[1721673909.207][INFO ][mkdocs/structure/pages.py:495] Doc file 'tags.md' contains an unrecognized relative link 'Articles/2024/May/Anatomy of Linux Kernel - Linux Kernel for System Engineers #2.md', it was left as is.
[1721673913.451][INFO ][mkdocs/structure/pages.py:323] Doc file 'Articles/2024/May/Booting up Linux Kernel - Linux for Engineers 1.md' contains a link '#Linux-Kernel-Bootup-Sequence', but there is no such anchor on this page.
[1721673913.463][INFO ][mkdocs/commands/build.py:353] Documentation built in 5.33 seconds
[1721673913.463][INFO ][mkdocs/livereload/__init__.py:223] Reloading browsers
[1721673913.588][WARNI][mkdocs/livereload/__init__.py:364] "GET /assets/css/nav.css HTTP/1.1" code 404
[1721673913.590][WARNI][mkdocs/livereload/__init__.py:364] "GET /2024/06/04/node_modules/tw-elements/dist/js/tw-elements.umd.min.js HTTP/1.1" code 404
[1721673915.521][WARNI][mkdocs/livereload/__init__.py:364] "GET /assets/css/nav.css HTTP/1.1" code 404
[1721673915.977][INFO ][mkdocs/livereload/__init__.py:203] Detected file changes
[1721673916.077][INFO ][mkdocs/commands/serve.py:62] Building documentation...
[1721673916.099][WARNI][mkdocs/config/base.py:377] Config value 'plugins': Plugin 'rss' option 'feeds_filenames': Unrecognised configuration name: feeds_filenames
[1721673916.103][WARNI][mkdocs/config/base.py:377] Config value 'pub-obsidian': Unrecognised configuration name: pub-obsidian
[1721673916.103][WARNI][mkdocs/config/base.py:377] Config value 'exclude': Unrecognised configuration name: exclude
[1721673916.244][INFO ][mkdocs/structure/nav.py:174] An absolute path to '/...' is included in the 'nav' configuration, which presumably points to an external resource.
[1721673916.269][INFO ][mkdocs/livereload/__init__.py:344] Browser connected: http://localhost:8000/2024/06/04/unleash-the-forbidden---enabling-ebpfxdp-for-kernel-tinkering-on-wsl2/
[1721673916.270][WARNI][mkdocs_rss_plugin/util.py:504] [RSS-plugin]: No description generated from metadata or content of the page index.md, therefore the feed won't be compliant, because an item must have a description.
[1721673916.275][WARNI][mkdocs/structure/pages.py:495] Doc file 'Articles/2024/April/Blog Embed Test.md' contains a link 'Assets/media/AI%20Checklist%20for%20Startups/AI%20Checklist%20for%20Startups%202023-12-28%2019.38.11.excalidraw.svg', but the target 'Articles/2024/April/Assets/media/AI Checklist for Startups/AI Checklist for Startups 2023-12-28 19.38.11.excalidraw.svg' is not found among documentation files.
[1721673916.276][WARNI][mkdocs/structure/pages.py:495] Doc file 'Articles/2024/April/Blog Embed Test.md' contains a link 'Assets/media/AI%20Checklist%20for%20Startups/Recording%2020231228185105.webm', but the target 'Articles/2024/April/Assets/media/AI Checklist for Startups/Recording 20231228185105.webm' is not found among documentation files.
[1721673916.276][WARNI][mkdocs/structure/pages.py:495] Doc file 'Articles/2024/April/Blog Embed Test.md' contains a link 'Assets/media/AI%20Checklist%20for%20Startups/AI%20Checklist%20for%20Startups-image-20231228183546666.png', but the target 'Articles/2024/April/Assets/media/AI Checklist for Startups/AI Checklist for Startups-image-20231228183546666.png' is not found among documentation files.
[1721673916.276][WARNI][mkdocs/structure/pages.py:495] Doc file 'Articles/2024/April/Blog Embed Test.md' contains a link 'Assets/media/Blog%20Embed%20Test/Test%20Page%202023-08-25%2004.41.44.excalidraw.md', but the target 'Articles/2024/April/Assets/media/Blog Embed Test/Test Page 2023-08-25 04.41.44.excalidraw.md' is not found among documentation files.
[1721673916.276][WARNI][mkdocs/structure/pages.py:495] Doc file 'Articles/2024/April/Blog Embed Test.md' contains a link 'Assets/media/Blog%20Embed%20Test/Test%20Page%202023-08-25%2004.41.44.excalidraw.dark.svg', but the target 'Articles/2024/April/Assets/media/Blog Embed Test/Test Page 2023-08-25 04.41.44.excalidraw.dark.svg' is not found among documentation files.
[1721673916.301][INFO ][mkdocs/structure/pages.py:495] Doc file 'Articles/2024/April/Rise of Internal Developer Portals (iDp) - Part 1.md' contains an absolute link '/Assets/media/Images/Rise%20of%20Internal%20Developer%20Portals%20(iDp)%20-%20Part%201/Rise%20of%20Internal%20Developer%20Portals%20(iDp)%20-%20Part%201-image-20230718235101592.png', it was left as is.
[1721673916.301][INFO ][mkdocs/structure/pages.py:495] Doc file 'Articles/2024/April/Rise of Internal Developer Portals (iDp) - Part 1.md' contains an absolute link '/Assets/media/Images/Rise%20of%20Internal%20Developer%20Portals%20(iDp)%20-%20Part%201/Rise%20of%20Internal%20Developer%20Portals%20(iDp)%20-%20Part%201-image-20230718234232524.png', it was left as is.
[1721673916.412][WARNI][mkdocs/structure/pages.py:495] Doc file 'Articles/2024/March/Productivity Audits & the Fine art of Mastering Your Day.md' contains a link 'Recording%2020230904032416.webm', but the target 'Articles/2024/March/Recording 20230904032416.webm' is not found among documentation files.
[1721673917.629][INFO ][mkdocs/structure/pages.py:495] Doc file 'tags.md' contains an unrecognized relative link 'Articles/2024/May/Anatomy of Linux Kernel - Linux Kernel for System Engineers #2.md', it was left as is.
[1721673917.629][INFO ][mkdocs/structure/pages.py:495] Doc file 'tags.md' contains an unrecognized relative link 'Articles/2024/May/Anatomy of Linux Kernel - Linux Kernel for System Engineers #2.md', it was left as is.
[1721673917.629][INFO ][mkdocs/structure/pages.py:495] Doc file 'tags.md' contains an unrecognized relative link 'Articles/2024/May/Anatomy of Linux Kernel - Linux Kernel for System Engineers #2.md', it was left as is.
[1721673921.733][INFO ][mkdocs/structure/pages.py:323] Doc file 'Articles/2024/May/Booting up Linux Kernel - Linux for Engineers 1.md' contains a link '#Linux-Kernel-Bootup-Sequence', but there is no such anchor on this page.
[1721673921.745][INFO ][mkdocs/commands/build.py:353] Documentation built in 5.64 seconds
[1721673921.745][INFO ][mkdocs/livereload/__init__.py:223] Reloading browsers
[1721673921.862][WARNI][mkdocs/livereload/__init__.py:364] "GET /assets/css/nav.css HTTP/1.1" code 404
[1721673921.893][WARNI][mkdocs/livereload/__init__.py:364] "GET /2024/06/04/node_modules/tw-elements/dist/js/tw-elements.umd.min.js HTTP/1.1" code 404
[1721673922.918][WARNI][mkdocs/livereload/__init__.py:364] "GET /assets/css/nav.css HTTP/1.1" code 404
[1721673923.663][INFO ][mkdocs/livereload/__init__.py:344] Browser connected: http://localhost:8000/2024/06/04/unleash-the-forbidden---enabling-ebpfxdp-for-kernel-tinkering-on-wsl2/
[1721673928.292][WARNI][mkdocs/livereload/__init__.py:364] "GET /assets/css/nav.css HTTP/1.1" code 404
[1721673928.307][WARNI][mkdocs/livereload/__init__.py:364] "GET /2024/06/04/node_modules/tw-elements/dist/js/tw-elements.umd.min.js HTTP/1.1" code 404
[1721673929.328][WARNI][mkdocs/livereload/__init__.py:364] "GET /assets/css/nav.css HTTP/1.1" code 404
[1721673930.052][INFO ][mkdocs/livereload/__init__.py:344] Browser connected: http://localhost:8000/2024/06/04/unleash-the-forbidden---enabling-ebpfxdp-for-kernel-tinkering-on-wsl2/
[1721674020.167][INFO ][mkdocs/livereload/__init__.py:203] Detected file changes
[1721674020.267][INFO ][mkdocs/commands/serve.py:62] Building documentation...
[1721674020.278][WARNI][mkdocs/config/base.py:377] Config value 'plugins': Plugin 'rss' option 'feeds_filenames': Unrecognised configuration name: feeds_filenames
[1721674020.278][WARNI][mkdocs/config/base.py:377] Config value 'pub-obsidian': Unrecognised configuration name: pub-obsidian
[1721674020.278][WARNI][mkdocs/config/base.py:377] Config value 'exclude': Unrecognised configuration name: exclude
[1721674020.370][INFO ][mkdocs/structure/nav.py:174] An absolute path to '/...' is included in the 'nav' configuration, which presumably points to an external resource.
[1721674020.391][WARNI][mkdocs_rss_plugin/util.py:504] [RSS-plugin]: No description generated from metadata or content of the page index.md, therefore the feed won't be compliant, because an item must have a description.
[1721674020.397][WARNI][mkdocs/structure/pages.py:495] Doc file 'Articles/2024/April/Blog Embed Test.md' contains a link 'Assets/media/AI%20Checklist%20for%20Startups/AI%20Checklist%20for%20Startups%202023-12-28%2019.38.11.excalidraw.svg', but the target 'Articles/2024/April/Assets/media/AI Checklist for Startups/AI Checklist for Startups 2023-12-28 19.38.11.excalidraw.svg' is not found among documentation files.
[1721674020.397][WARNI][mkdocs/structure/pages.py:495] Doc file 'Articles/2024/April/Blog Embed Test.md' contains a link 'Assets/media/AI%20Checklist%20for%20Startups/Recording%2020231228185105.webm', but the target 'Articles/2024/April/Assets/media/AI Checklist for Startups/Recording 20231228185105.webm' is not found among documentation files.
[1721674020.397][WARNI][mkdocs/structure/pages.py:495] Doc file 'Articles/2024/April/Blog Embed Test.md' contains a link 'Assets/media/AI%20Checklist%20for%20Startups/AI%20Checklist%20for%20Startups-image-20231228183546666.png', but the target 'Articles/2024/April/Assets/media/AI Checklist for Startups/AI Checklist for Startups-image-20231228183546666.png' is not found among documentation files.
[1721674020.397][WARNI][mkdocs/structure/pages.py:495] Doc file 'Articles/2024/April/Blog Embed Test.md' contains a link 'Assets/media/Blog%20Embed%20Test/Test%20Page%202023-08-25%2004.41.44.excalidraw.md', but the target 'Articles/2024/April/Assets/media/Blog Embed Test/Test Page 2023-08-25 04.41.44.excalidraw.md' is not found among documentation files.
[1721674020.397][WARNI][mkdocs/structure/pages.py:495] Doc file 'Articles/2024/April/Blog Embed Test.md' contains a link 'Assets/media/Blog%20Embed%20Test/Test%20Page%202023-08-25%2004.41.44.excalidraw.dark.svg', but the target 'Articles/2024/April/Assets/media/Blog Embed Test/Test Page 2023-08-25 04.41.44.excalidraw.dark.svg' is not found among documentation files.
[1721674020.413][INFO ][mkdocs/structure/pages.py:495] Doc file 'Articles/2024/April/Rise of Internal Developer Portals (iDp) - Part 1.md' contains an absolute link '/Assets/media/Images/Rise%20of%20Internal%20Developer%20Portals%20(iDp)%20-%20Part%201/Rise%20of%20Internal%20Developer%20Portals%20(iDp)%20-%20Part%201-image-20230718235101592.png', it was left as is.
[1721674020.414][INFO ][mkdocs/structure/pages.py:495] Doc file 'Articles/2024/April/Rise of Internal Developer Portals (iDp) - Part 1.md' contains an absolute link '/Assets/media/Images/Rise%20of%20Internal%20Developer%20Portals%20(iDp)%20-%20Part%201/Rise%20of%20Internal%20Developer%20Portals%20(iDp)%20-%20Part%201-image-20230718234232524.png', it was left as is.
[1721674020.508][WARNI][mkdocs/structure/pages.py:495] Doc file 'Articles/2024/March/Productivity Audits & the Fine art of Mastering Your Day.md' contains a link 'Recording%2020230904032416.webm', but the target 'Articles/2024/March/Recording 20230904032416.webm' is not found among documentation files.
[1721674021.333][INFO ][mkdocs/structure/pages.py:495] Doc file 'tags.md' contains an unrecognized relative link 'Articles/2024/May/Anatomy of Linux Kernel - Linux Kernel for System Engineers #2.md', it was left as is.
[1721674021.334][INFO ][mkdocs/structure/pages.py:495] Doc file 'tags.md' contains an unrecognized relative link 'Articles/2024/May/Anatomy of Linux Kernel - Linux Kernel for System Engineers #2.md', it was left as is.
[1721674021.334][INFO ][mkdocs/structure/pages.py:495] Doc file 'tags.md' contains an unrecognized relative link 'Articles/2024/May/Anatomy of Linux Kernel - Linux Kernel for System Engineers #2.md', it was left as is.
[1721674025.595][INFO ][mkdocs/structure/pages.py:323] Doc file 'Articles/2024/May/Booting up Linux Kernel - Linux for Engineers 1.md' contains a link '#Linux-Kernel-Bootup-Sequence', but there is no such anchor on this page.
[1721674025.610][INFO ][mkdocs/livereload/__init__.py:223] Reloading browsers
[1721674025.610][INFO ][mkdocs/livereload/__init__.py:203] Detected file changes
[1721674025.710][INFO ][mkdocs/commands/serve.py:62] Building documentation...
[1721674025.729][WARNI][mkdocs/config/base.py:377] Config value 'plugins': Plugin 'rss' option 'feeds_filenames': Unrecognised configuration name: feeds_filenames
[1721674025.730][WARNI][mkdocs/config/base.py:377] Config value 'pub-obsidian': Unrecognised configuration name: pub-obsidian
[1721674025.730][WARNI][mkdocs/config/base.py:377] Config value 'exclude': Unrecognised configuration name: exclude
[1721674025.858][INFO ][mkdocs/structure/nav.py:174] An absolute path to '/...' is included in the 'nav' configuration, which presumably points to an external resource.
[1721674025.884][WARNI][mkdocs_rss_plugin/util.py:504] [RSS-plugin]: No description generated from metadata or content of the page index.md, therefore the feed won't be compliant, because an item must have a description.
[1721674025.889][WARNI][mkdocs/structure/pages.py:495] Doc file 'Articles/2024/April/Blog Embed Test.md' contains a link 'Assets/media/AI%20Checklist%20for%20Startups/AI%20Checklist%20for%20Startups%202023-12-28%2019.38.11.excalidraw.svg', but the target 'Articles/2024/April/Assets/media/AI Checklist for Startups/AI Checklist for Startups 2023-12-28 19.38.11.excalidraw.svg' is not found among documentation files.
[1721674025.890][WARNI][mkdocs/structure/pages.py:495] Doc file 'Articles/2024/April/Blog Embed Test.md' contains a link 'Assets/media/AI%20Checklist%20for%20Startups/Recording%2020231228185105.webm', but the target 'Articles/2024/April/Assets/media/AI Checklist for Startups/Recording 20231228185105.webm' is not found among documentation files.
[1721674025.890][WARNI][mkdocs/structure/pages.py:495] Doc file 'Articles/2024/April/Blog Embed Test.md' contains a link 'Assets/media/AI%20Checklist%20for%20Startups/AI%20Checklist%20for%20Startups-image-20231228183546666.png', but the target 'Articles/2024/April/Assets/media/AI Checklist for Startups/AI Checklist for Startups-image-20231228183546666.png' is not found among documentation files.
[1721674025.890][WARNI][mkdocs/structure/pages.py:495] Doc file 'Articles/2024/April/Blog Embed Test.md' contains a link 'Assets/media/Blog%20Embed%20Test/Test%20Page%202023-08-25%2004.41.44.excalidraw.md', but the target 'Articles/2024/April/Assets/media/Blog Embed Test/Test Page 2023-08-25 04.41.44.excalidraw.md' is not found among documentation files.
[1721674025.890][WARNI][mkdocs/structure/pages.py:495] Doc file 'Articles/2024/April/Blog Embed Test.md' contains a link 'Assets/media/Blog%20Embed%20Test/Test%20Page%202023-08-25%2004.41.44.excalidraw.dark.svg', but the target 'Articles/2024/April/Assets/media/Blog Embed Test/Test Page 2023-08-25 04.41.44.excalidraw.dark.svg' is not found among documentation files.
[1721674025.907][INFO ][mkdocs/structure/pages.py:495] Doc file 'Articles/2024/April/Rise of Internal Developer Portals (iDp) - Part 1.md' contains an absolute link '/Assets/media/Images/Rise%20of%20Internal%20Developer%20Portals%20(iDp)%20-%20Part%201/Rise%20of%20Internal%20Developer%20Portals%20(iDp)%20-%20Part%201-image-20230718235101592.png', it was left as is.
[1721674025.907][INFO ][mkdocs/structure/pages.py:495] Doc file 'Articles/2024/April/Rise of Internal Developer Portals (iDp) - Part 1.md' contains an absolute link '/Assets/media/Images/Rise%20of%20Internal%20Developer%20Portals%20(iDp)%20-%20Part%201/Rise%20of%20Internal%20Developer%20Portals%20(iDp)%20-%20Part%201-image-20230718234232524.png', it was left as is.
[1721674026.013][WARNI][mkdocs/structure/pages.py:495] Doc file 'Articles/2024/March/Productivity Audits & the Fine art of Mastering Your Day.md' contains a link 'Recording%2020230904032416.webm', but the target 'Articles/2024/March/Recording 20230904032416.webm' is not found among documentation files.
[1721674026.904][INFO ][mkdocs/structure/pages.py:495] Doc file 'tags.md' contains an unrecognized relative link 'Articles/2024/May/Anatomy of Linux Kernel - Linux Kernel for System Engineers #2.md', it was left as is.
[1721674026.904][INFO ][mkdocs/structure/pages.py:495] Doc file 'tags.md' contains an unrecognized relative link 'Articles/2024/May/Anatomy of Linux Kernel - Linux Kernel for System Engineers #2.md', it was left as is.
[1721674026.904][INFO ][mkdocs/structure/pages.py:495] Doc file 'tags.md' contains an unrecognized relative link 'Articles/2024/May/Anatomy of Linux Kernel - Linux Kernel for System Engineers #2.md', it was left as is.
[1721674031.256][INFO ][mkdocs/structure/pages.py:323] Doc file 'Articles/2024/May/Booting up Linux Kernel - Linux for Engineers 1.md' contains a link '#Linux-Kernel-Bootup-Sequence', but there is no such anchor on this page.
[1721674031.268][INFO ][mkdocs/commands/build.py:353] Documentation built in 5.54 seconds
[1721674031.268][INFO ][mkdocs/livereload/__init__.py:223] Reloading browsers
[1721674031.363][WARNI][mkdocs/livereload/__init__.py:364] "GET /assets/css/nav.css HTTP/1.1" code 404
[1721674031.382][WARNI][mkdocs/livereload/__init__.py:364] "GET /2024/06/04/node_modules/tw-elements/dist/js/tw-elements.umd.min.js HTTP/1.1" code 404
[1721674033.401][WARNI][mkdocs/livereload/__init__.py:364] "GET /assets/css/nav.css HTTP/1.1" code 404
[1721674034.125][INFO ][mkdocs/livereload/__init__.py:344] Browser connected: http://localhost:8000/2024/06/04/unleash-the-forbidden---enabling-ebpfxdp-for-kernel-tinkering-on-wsl2/
[1721674064.773][INFO ][mkdocs/livereload/__init__.py:203] Detected file changes
[1721674064.874][INFO ][mkdocs/commands/serve.py:62] Building documentation...
[1721674064.888][WARNI][mkdocs/config/base.py:377] Config value 'plugins': Plugin 'rss' option 'feeds_filenames': Unrecognised configuration name: feeds_filenames
[1721674064.888][WARNI][mkdocs/config/base.py:377] Config value 'pub-obsidian': Unrecognised configuration name: pub-obsidian
[1721674064.888][WARNI][mkdocs/config/base.py:377] Config value 'exclude': Unrecognised configuration name: exclude
[1721674064.984][INFO ][mkdocs/structure/nav.py:174] An absolute path to '/...' is included in the 'nav' configuration, which presumably points to an external resource.
[1721674065.006][WARNI][mkdocs_rss_plugin/util.py:504] [RSS-plugin]: No description generated from metadata or content of the page index.md, therefore the feed won't be compliant, because an item must have a description.
[1721674065.012][WARNI][mkdocs/structure/pages.py:495] Doc file 'Articles/2024/April/Blog Embed Test.md' contains a link 'Assets/media/AI%20Checklist%20for%20Startups/AI%20Checklist%20for%20Startups%202023-12-28%2019.38.11.excalidraw.svg', but the target 'Articles/2024/April/Assets/media/AI Checklist for Startups/AI Checklist for Startups 2023-12-28 19.38.11.excalidraw.svg' is not found among documentation files.
[1721674065.012][WARNI][mkdocs/structure/pages.py:495] Doc file 'Articles/2024/April/Blog Embed Test.md' contains a link 'Assets/media/AI%20Checklist%20for%20Startups/Recording%2020231228185105.webm', but the target 'Articles/2024/April/Assets/media/AI Checklist for Startups/Recording 20231228185105.webm' is not found among documentation files.
[1721674065.012][WARNI][mkdocs/structure/pages.py:495] Doc file 'Articles/2024/April/Blog Embed Test.md' contains a link 'Assets/media/AI%20Checklist%20for%20Startups/AI%20Checklist%20for%20Startups-image-20231228183546666.png', but the target 'Articles/2024/April/Assets/media/AI Checklist for Startups/AI Checklist for Startups-image-20231228183546666.png' is not found among documentation files.
[1721674065.012][WARNI][mkdocs/structure/pages.py:495] Doc file 'Articles/2024/April/Blog Embed Test.md' contains a link 'Assets/media/Blog%20Embed%20Test/Test%20Page%202023-08-25%2004.41.44.excalidraw.md', but the target 'Articles/2024/April/Assets/media/Blog Embed Test/Test Page 2023-08-25 04.41.44.excalidraw.md' is not found among documentation files.
[1721674065.013][WARNI][mkdocs/structure/pages.py:495] Doc file 'Articles/2024/April/Blog Embed Test.md' contains a link 'Assets/media/Blog%20Embed%20Test/Test%20Page%202023-08-25%2004.41.44.excalidraw.dark.svg', but the target 'Articles/2024/April/Assets/media/Blog Embed Test/Test Page 2023-08-25 04.41.44.excalidraw.dark.svg' is not found among documentation files.
[1721674065.029][INFO ][mkdocs/structure/pages.py:495] Doc file 'Articles/2024/April/Rise of Internal Developer Portals (iDp) - Part 1.md' contains an absolute link '/Assets/media/Images/Rise%20of%20Internal%20Developer%20Portals%20(iDp)%20-%20Part%201/Rise%20of%20Internal%20Developer%20Portals%20(iDp)%20-%20Part%201-image-20230718235101592.png', it was left as is.
[1721674065.029][INFO ][mkdocs/structure/pages.py:495] Doc file 'Articles/2024/April/Rise of Internal Developer Portals (iDp) - Part 1.md' contains an absolute link '/Assets/media/Images/Rise%20of%20Internal%20Developer%20Portals%20(iDp)%20-%20Part%201/Rise%20of%20Internal%20Developer%20Portals%20(iDp)%20-%20Part%201-image-20230718234232524.png', it was left as is.
[1721674065.129][WARNI][mkdocs/structure/pages.py:495] Doc file 'Articles/2024/March/Productivity Audits & the Fine art of Mastering Your Day.md' contains a link 'Recording%2020230904032416.webm', but the target 'Articles/2024/March/Recording 20230904032416.webm' is not found among documentation files.
[1721674065.917][INFO ][mkdocs/structure/pages.py:495] Doc file 'tags.md' contains an unrecognized relative link 'Articles/2024/May/Anatomy of Linux Kernel - Linux Kernel for System Engineers #2.md', it was left as is.
[1721674065.917][INFO ][mkdocs/structure/pages.py:495] Doc file 'tags.md' contains an unrecognized relative link 'Articles/2024/May/Anatomy of Linux Kernel - Linux Kernel for System Engineers #2.md', it was left as is.
[1721674065.917][INFO ][mkdocs/structure/pages.py:495] Doc file 'tags.md' contains an unrecognized relative link 'Articles/2024/May/Anatomy of Linux Kernel - Linux Kernel for System Engineers #2.md', it was left as is.
[1721674070.109][INFO ][mkdocs/structure/pages.py:323] Doc file 'Articles/2024/May/Booting up Linux Kernel - Linux for Engineers 1.md' contains a link '#Linux-Kernel-Bootup-Sequence', but there is no such anchor on this page.
[1721674070.121][INFO ][mkdocs/commands/build.py:353] Documentation built in 5.23 seconds
[1721674070.122][INFO ][mkdocs/livereload/__init__.py:223] Reloading browsers
[1721674070.225][WARNI][mkdocs/livereload/__init__.py:364] "GET /assets/css/nav.css HTTP/1.1" code 404
[1721674070.241][WARNI][mkdocs/livereload/__init__.py:364] "GET /2024/06/04/node_modules/tw-elements/dist/js/tw-elements.umd.min.js HTTP/1.1" code 404
[1721674072.281][WARNI][mkdocs/livereload/__init__.py:364] "GET /assets/css/nav.css HTTP/1.1" code 404
[1721674073.071][INFO ][mkdocs/livereload/__init__.py:344] Browser connected: http://localhost:8000/2024/06/04/unleash-the-forbidden---enabling-ebpfxdp-for-kernel-tinkering-on-wsl2/
[1721674133.393][INFO ][mkdocs/livereload/__init__.py:203] Detected file changes
[1721674133.493][INFO ][mkdocs/commands/serve.py:62] Building documentation...
[1721674133.503][WARNI][mkdocs/config/base.py:377] Config value 'plugins': Plugin 'rss' option 'feeds_filenames': Unrecognised configuration name: feeds_filenames
[1721674133.503][WARNI][mkdocs/config/base.py:377] Config value 'pub-obsidian': Unrecognised configuration name: pub-obsidian
[1721674133.503][WARNI][mkdocs/config/base.py:377] Config value 'exclude': Unrecognised configuration name: exclude
[1721674133.600][INFO ][mkdocs/structure/nav.py:174] An absolute path to '/...' is included in the 'nav' configuration, which presumably points to an external resource.
[1721674133.620][WARNI][mkdocs_rss_plugin/util.py:504] [RSS-plugin]: No description generated from metadata or content of the page index.md, therefore the feed won't be compliant, because an item must have a description.
[1721674133.626][WARNI][mkdocs/structure/pages.py:495] Doc file 'Articles/2024/April/Blog Embed Test.md' contains a link 'Assets/media/AI%20Checklist%20for%20Startups/AI%20Checklist%20for%20Startups%202023-12-28%2019.38.11.excalidraw.svg', but the target 'Articles/2024/April/Assets/media/AI Checklist for Startups/AI Checklist for Startups 2023-12-28 19.38.11.excalidraw.svg' is not found among documentation files.
[1721674133.626][WARNI][mkdocs/structure/pages.py:495] Doc file 'Articles/2024/April/Blog Embed Test.md' contains a link 'Assets/media/AI%20Checklist%20for%20Startups/Recording%2020231228185105.webm', but the target 'Articles/2024/April/Assets/media/AI Checklist for Startups/Recording 20231228185105.webm' is not found among documentation files.
[1721674133.626][WARNI][mkdocs/structure/pages.py:495] Doc file 'Articles/2024/April/Blog Embed Test.md' contains a link 'Assets/media/AI%20Checklist%20for%20Startups/AI%20Checklist%20for%20Startups-image-20231228183546666.png', but the target 'Articles/2024/April/Assets/media/AI Checklist for Startups/AI Checklist for Startups-image-20231228183546666.png' is not found among documentation files.
[1721674133.627][WARNI][mkdocs/structure/pages.py:495] Doc file 'Articles/2024/April/Blog Embed Test.md' contains a link 'Assets/media/Blog%20Embed%20Test/Test%20Page%202023-08-25%2004.41.44.excalidraw.md', but the target 'Articles/2024/April/Assets/media/Blog Embed Test/Test Page 2023-08-25 04.41.44.excalidraw.md' is not found among documentation files.
[1721674133.627][WARNI][mkdocs/structure/pages.py:495] Doc file 'Articles/2024/April/Blog Embed Test.md' contains a link 'Assets/media/Blog%20Embed%20Test/Test%20Page%202023-08-25%2004.41.44.excalidraw.dark.svg', but the target 'Articles/2024/April/Assets/media/Blog Embed Test/Test Page 2023-08-25 04.41.44.excalidraw.dark.svg' is not found among documentation files.
[1721674133.643][INFO ][mkdocs/structure/pages.py:495] Doc file 'Articles/2024/April/Rise of Internal Developer Portals (iDp) - Part 1.md' contains an absolute link '/Assets/media/Images/Rise%20of%20Internal%20Developer%20Portals%20(iDp)%20-%20Part%201/Rise%20of%20Internal%20Developer%20Portals%20(iDp)%20-%20Part%201-image-20230718235101592.png', it was left as is.
[1721674133.643][INFO ][mkdocs/structure/pages.py:495] Doc file 'Articles/2024/April/Rise of Internal Developer Portals (iDp) - Part 1.md' contains an absolute link '/Assets/media/Images/Rise%20of%20Internal%20Developer%20Portals%20(iDp)%20-%20Part%201/Rise%20of%20Internal%20Developer%20Portals%20(iDp)%20-%20Part%201-image-20230718234232524.png', it was left as is.
[1721674133.739][WARNI][mkdocs/structure/pages.py:495] Doc file 'Articles/2024/March/Productivity Audits & the Fine art of Mastering Your Day.md' contains a link 'Recording%2020230904032416.webm', but the target 'Articles/2024/March/Recording 20230904032416.webm' is not found among documentation files.
[1721674134.553][INFO ][mkdocs/structure/pages.py:495] Doc file 'tags.md' contains an unrecognized relative link 'Articles/2024/May/Anatomy of Linux Kernel - Linux Kernel for System Engineers #2.md', it was left as is.
[1721674134.553][INFO ][mkdocs/structure/pages.py:495] Doc file 'tags.md' contains an unrecognized relative link 'Articles/2024/May/Anatomy of Linux Kernel - Linux Kernel for System Engineers #2.md', it was left as is.
[1721674134.553][INFO ][mkdocs/structure/pages.py:495] Doc file 'tags.md' contains an unrecognized relative link 'Articles/2024/May/Anatomy of Linux Kernel - Linux Kernel for System Engineers #2.md', it was left as is.
[1721674138.652][INFO ][mkdocs/structure/pages.py:323] Doc file 'Articles/2024/May/Booting up Linux Kernel - Linux for Engineers 1.md' contains a link '#Linux-Kernel-Bootup-Sequence', but there is no such anchor on this page.
[1721674138.664][INFO ][mkdocs/commands/build.py:353] Documentation built in 5.16 seconds
[1721674138.664][INFO ][mkdocs/livereload/__init__.py:223] Reloading browsers
[1721674138.778][WARNI][mkdocs/livereload/__init__.py:364] "GET /assets/css/nav.css HTTP/1.1" code 404
[1721674138.792][WARNI][mkdocs/livereload/__init__.py:364] "GET /2024/06/04/node_modules/tw-elements/dist/js/tw-elements.umd.min.js HTTP/1.1" code 404
[1721674140.352][WARNI][mkdocs/livereload/__init__.py:364] "GET /assets/css/nav.css HTTP/1.1" code 404
[1721674141.236][INFO ][mkdocs/livereload/__init__.py:344] Browser connected: http://localhost:8000/2024/06/04/unleash-the-forbidden---enabling-ebpfxdp-for-kernel-tinkering-on-wsl2/
[1721674187.066][INFO ][mkdocs/livereload/__init__.py:203] Detected file changes
[1721674187.167][INFO ][mkdocs/commands/serve.py:62] Building documentation...
[1721674187.177][WARNI][mkdocs/config/base.py:377] Config value 'plugins': Plugin 'rss' option 'feeds_filenames': Unrecognised configuration name: feeds_filenames
[1721674187.177][WARNI][mkdocs/config/base.py:377] Config value 'pub-obsidian': Unrecognised configuration name: pub-obsidian
[1721674187.177][WARNI][mkdocs/config/base.py:377] Config value 'exclude': Unrecognised configuration name: exclude
[1721674187.276][INFO ][mkdocs/structure/nav.py:174] An absolute path to '/...' is included in the 'nav' configuration, which presumably points to an external resource.
[1721674187.299][WARNI][mkdocs_rss_plugin/util.py:504] [RSS-plugin]: No description generated from metadata or content of the page index.md, therefore the feed won't be compliant, because an item must have a description.
[1721674187.305][WARNI][mkdocs/structure/pages.py:495] Doc file 'Articles/2024/April/Blog Embed Test.md' contains a link 'Assets/media/AI%20Checklist%20for%20Startups/AI%20Checklist%20for%20Startups%202023-12-28%2019.38.11.excalidraw.svg', but the target 'Articles/2024/April/Assets/media/AI Checklist for Startups/AI Checklist for Startups 2023-12-28 19.38.11.excalidraw.svg' is not found among documentation files.
[1721674187.305][WARNI][mkdocs/structure/pages.py:495] Doc file 'Articles/2024/April/Blog Embed Test.md' contains a link 'Assets/media/AI%20Checklist%20for%20Startups/Recording%2020231228185105.webm', but the target 'Articles/2024/April/Assets/media/AI Checklist for Startups/Recording 20231228185105.webm' is not found among documentation files.
[1721674187.305][WARNI][mkdocs/structure/pages.py:495] Doc file 'Articles/2024/April/Blog Embed Test.md' contains a link 'Assets/media/AI%20Checklist%20for%20Startups/AI%20Checklist%20for%20Startups-image-20231228183546666.png', but the target 'Articles/2024/April/Assets/media/AI Checklist for Startups/AI Checklist for Startups-image-20231228183546666.png' is not found among documentation files.
[1721674187.306][WARNI][mkdocs/structure/pages.py:495] Doc file 'Articles/2024/April/Blog Embed Test.md' contains a link 'Assets/media/Blog%20Embed%20Test/Test%20Page%202023-08-25%2004.41.44.excalidraw.md', but the target 'Articles/2024/April/Assets/media/Blog Embed Test/Test Page 2023-08-25 04.41.44.excalidraw.md' is not found among documentation files.
[1721674187.306][WARNI][mkdocs/structure/pages.py:495] Doc file 'Articles/2024/April/Blog Embed Test.md' contains a link 'Assets/media/Blog%20Embed%20Test/Test%20Page%202023-08-25%2004.41.44.excalidraw.dark.svg', but the target 'Articles/2024/April/Assets/media/Blog Embed Test/Test Page 2023-08-25 04.41.44.excalidraw.dark.svg' is not found among documentation files.
[1721674187.324][INFO ][mkdocs/structure/pages.py:495] Doc file 'Articles/2024/April/Rise of Internal Developer Portals (iDp) - Part 1.md' contains an absolute link '/Assets/media/Images/Rise%20of%20Internal%20Developer%20Portals%20(iDp)%20-%20Part%201/Rise%20of%20Internal%20Developer%20Portals%20(iDp)%20-%20Part%201-image-20230718235101592.png', it was left as is.
[1721674187.325][INFO ][mkdocs/structure/pages.py:495] Doc file 'Articles/2024/April/Rise of Internal Developer Portals (iDp) - Part 1.md' contains an absolute link '/Assets/media/Images/Rise%20of%20Internal%20Developer%20Portals%20(iDp)%20-%20Part%201/Rise%20of%20Internal%20Developer%20Portals%20(iDp)%20-%20Part%201-image-20230718234232524.png', it was left as is.
[1721674187.421][WARNI][mkdocs/structure/pages.py:495] Doc file 'Articles/2024/March/Productivity Audits & the Fine art of Mastering Your Day.md' contains a link 'Recording%2020230904032416.webm', but the target 'Articles/2024/March/Recording 20230904032416.webm' is not found among documentation files.
[1721674188.252][INFO ][mkdocs/structure/pages.py:495] Doc file 'tags.md' contains an unrecognized relative link 'Articles/2024/May/Anatomy of Linux Kernel - Linux Kernel for System Engineers #2.md', it was left as is.
[1721674188.252][INFO ][mkdocs/structure/pages.py:495] Doc file 'tags.md' contains an unrecognized relative link 'Articles/2024/May/Anatomy of Linux Kernel - Linux Kernel for System Engineers #2.md', it was left as is.
[1721674188.253][INFO ][mkdocs/structure/pages.py:495] Doc file 'tags.md' contains an unrecognized relative link 'Articles/2024/May/Anatomy of Linux Kernel - Linux Kernel for System Engineers #2.md', it was left as is.
[1721674192.366][INFO ][mkdocs/structure/pages.py:323] Doc file 'Articles/2024/May/Booting up Linux Kernel - Linux for Engineers 1.md' contains a link '#Linux-Kernel-Bootup-Sequence', but there is no such anchor on this page.
[1721674192.378][INFO ][mkdocs/commands/build.py:353] Documentation built in 5.20 seconds
[1721674192.378][INFO ][mkdocs/livereload/__init__.py:223] Reloading browsers
[1721674192.455][WARNI][mkdocs/livereload/__init__.py:364] "GET /assets/css/nav.css HTTP/1.1" code 404
[1721674192.471][WARNI][mkdocs/livereload/__init__.py:364] "GET /2024/06/04/node_modules/tw-elements/dist/js/tw-elements.umd.min.js HTTP/1.1" code 404
[1721674193.991][WARNI][mkdocs/livereload/__init__.py:364] "GET /assets/css/nav.css HTTP/1.1" code 404
[1721674194.642][INFO ][mkdocs/livereload/__init__.py:344] Browser connected: http://localhost:8000/2024/06/04/unleash-the-forbidden---enabling-ebpfxdp-for-kernel-tinkering-on-wsl2/
[1721674213.755][INFO ][mkdocs/livereload/__init__.py:344] Browser connected: http://localhost:8000/Interests/Finance/FIRE/
[1721674214.876][WARNI][mkdocs/livereload/__init__.py:364] "GET /archive/2024/Recording%2020230904032416.webm HTTP/1.1" code 404
[1721674220.506][WARNI][mkdocs/livereload/__init__.py:364] "GET /archive/2024/Recording%2020230904032416.webm HTTP/1.1" code 404
[1721674230.661][WARNI][mkdocs/livereload/__init__.py:364] "GET /archive/2024/Recording%2020230904032416.webm HTTP/1.1" code 404
[1721674234.558][WARNI][mkdocs/livereload/__init__.py:364] "GET /archive/2024/Recording%2020230904032416.webm HTTP/1.1" code 404
[1721674241.123][WARNI][mkdocs/livereload/__init__.py:364] "GET /Recording%2020230904032416.webm HTTP/1.1" code 404
