[1717874595.181][WARNI][mkdocs/config/base.py:377] Config value 'pub-obsidian': Unrecognised configuration name: pub-obsidian
[1717874595.182][WARNI][mkdocs/config/base.py:377] Config value 'exclude': Unrecognised configuration name: exclude
[1717874595.183][INFO ][mkdocs/commands/serve.py:62] Building documentation...
[1717874595.275][INFO ][mkdocs/commands/build.py:271] Cleaning site directory
[1717874595.437][INFO ][mkdocs/structure/nav.py:174] An absolute path to '/...' is included in the 'nav' configuration, which presumably points to an external resource.
[1717874595.483][WARNI][mkdocs_rss_plugin/util.py:504] [RSS-plugin]: No description generated from metadata or content of the page index.md, therefore the feed won't be compliant, because an item must have a description.
[1717874595.578][WARNI][mkdocs/structure/pages.py:495] Doc file 'Articles/2024/April/Blog Embed Test.md' contains a link 'Assets/media/AI%20Checklist%20for%20Startups/AI%20Checklist%20for%20Startups%202023-12-28%2019.38.11.excalidraw.svg', but the target 'Articles/2024/April/Assets/media/AI Checklist for Startups/AI Checklist for Startups 2023-12-28 19.38.11.excalidraw.svg' is not found among documentation files.
[1717874595.579][WARNI][mkdocs/structure/pages.py:495] Doc file 'Articles/2024/April/Blog Embed Test.md' contains a link 'Assets/media/AI%20Checklist%20for%20Startups/Recording%2020231228185105.webm', but the target 'Articles/2024/April/Assets/media/AI Checklist for Startups/Recording 20231228185105.webm' is not found among documentation files.
[1717874595.580][WARNI][mkdocs/structure/pages.py:495] Doc file 'Articles/2024/April/Blog Embed Test.md' contains a link 'Assets/media/AI%20Checklist%20for%20Startups/AI%20Checklist%20for%20Startups-image-20231228183546666.png', but the target 'Articles/2024/April/Assets/media/AI Checklist for Startups/AI Checklist for Startups-image-20231228183546666.png' is not found among documentation files.
[1717874595.581][WARNI][mkdocs/structure/pages.py:495] Doc file 'Articles/2024/April/Blog Embed Test.md' contains a link 'Assets/media/Blog%20Embed%20Test/Test%20Page%202023-08-25%2004.41.44.excalidraw.md', but the target 'Articles/2024/April/Assets/media/Blog Embed Test/Test Page 2023-08-25 04.41.44.excalidraw.md' is not found among documentation files.
[1717874595.581][WARNI][mkdocs/structure/pages.py:495] Doc file 'Articles/2024/April/Blog Embed Test.md' contains a link 'Assets/media/Blog%20Embed%20Test/Test%20Page%202023-08-25%2004.41.44.excalidraw.dark.svg', but the target 'Articles/2024/April/Assets/media/Blog Embed Test/Test Page 2023-08-25 04.41.44.excalidraw.dark.svg' is not found among documentation files.
[1717874595.621][INFO ][mkdocs/structure/pages.py:495] Doc file 'Articles/2024/April/Rise of Internal Developer Portals (iDp) - Part 1.md' contains an absolute link '/Assets/media/Images/Rise%20of%20Internal%20Developer%20Portals%20(iDp)%20-%20Part%201/Rise%20of%20Internal%20Developer%20Portals%20(iDp)%20-%20Part%201-image-20230718235101592.png', it was left as is.
[1717874595.623][INFO ][mkdocs/structure/pages.py:495] Doc file 'Articles/2024/April/Rise of Internal Developer Portals (iDp) - Part 1.md' contains an absolute link '/Assets/media/Images/Rise%20of%20Internal%20Developer%20Portals%20(iDp)%20-%20Part%201/Rise%20of%20Internal%20Developer%20Portals%20(iDp)%20-%20Part%201-image-20230718234232524.png', it was left as is.
[1717874595.791][WARNI][mkdocs/structure/pages.py:495] Doc file 'Articles/2024/March/Productivity Audits & the Fine art of Mastering Your Day.md' contains a link 'Recording%2020230904032416.webm', but the target 'Articles/2024/March/Recording 20230904032416.webm' is not found among documentation files.
[1717874597.414][INFO ][mkdocs/structure/pages.py:495] Doc file 'tags.md' contains an unrecognized relative link 'Articles/2024/May/Anatomy of Linux Kernel - Linux Kernel for System Engineers #2.md', it was left as is.
[1717874597.415][INFO ][mkdocs/structure/pages.py:495] Doc file 'tags.md' contains an unrecognized relative link 'Articles/2024/May/Anatomy of Linux Kernel - Linux Kernel for System Engineers #2.md', it was left as is.
[1717874597.417][INFO ][mkdocs/structure/pages.py:495] Doc file 'tags.md' contains an unrecognized relative link 'Articles/2024/May/Anatomy of Linux Kernel - Linux Kernel for System Engineers #2.md', it was left as is.
[1717874602.220][INFO ][mkdocs/structure/pages.py:323] Doc file 'Articles/2024/May/Booting up Linux Kernel - Linux for Engineers 1.md' contains a link '#Linux-Kernel-Bootup-Sequence', but there is no such anchor on this page.
[1717874602.241][INFO ][mkdocs/commands/build.py:353] Documentation built in 7.06 seconds
[1717874602.247][INFO ][mkdocs/livereload/__init__.py:180] Watching paths for changes: 'docs', 'mkdocs.yml'
[1717874602.247][INFO ][mkdocs/livereload/__init__.py:185] Serving on http://127.0.0.1:8000/
[1717874606.303][WARNI][mkdocs/livereload/__init__.py:364] "GET /Recording%2020230904032416.webm HTTP/1.1" code 404
[1717874607.232][WARNI][mkdocs/livereload/__init__.py:364] "GET /Recording%2020230904032416.webm HTTP/1.1" code 404
[1717874607.966][INFO ][mkdocs/livereload/__init__.py:344] Browser connected: http://localhost:8000/
[1717874614.466][WARNI][mkdocs/livereload/__init__.py:364] "GET /Recording%2020230904032416.webm HTTP/1.1" code 404
[1717874690.951][INFO ][mkdocs/livereload/__init__.py:203] Detected file changes
[1717874691.052][INFO ][mkdocs/commands/serve.py:62] Building documentation...
[1717874691.079][WARNI][mkdocs/config/base.py:377] Config value 'pub-obsidian': Unrecognised configuration name: pub-obsidian
[1717874691.079][WARNI][mkdocs/config/base.py:377] Config value 'exclude': Unrecognised configuration name: exclude
[1717874691.235][INFO ][mkdocs/structure/nav.py:174] An absolute path to '/...' is included in the 'nav' configuration, which presumably points to an external resource.
[1717874691.270][WARNI][mkdocs_rss_plugin/util.py:504] [RSS-plugin]: No description generated from metadata or content of the page index.md, therefore the feed won't be compliant, because an item must have a description.
[1717874691.279][WARNI][mkdocs/structure/pages.py:495] Doc file 'Articles/2024/April/Blog Embed Test.md' contains a link 'Assets/media/AI%20Checklist%20for%20Startups/AI%20Checklist%20for%20Startups%202023-12-28%2019.38.11.excalidraw.svg', but the target 'Articles/2024/April/Assets/media/AI Checklist for Startups/AI Checklist for Startups 2023-12-28 19.38.11.excalidraw.svg' is not found among documentation files.
[1717874691.280][WARNI][mkdocs/structure/pages.py:495] Doc file 'Articles/2024/April/Blog Embed Test.md' contains a link 'Assets/media/AI%20Checklist%20for%20Startups/Recording%2020231228185105.webm', but the target 'Articles/2024/April/Assets/media/AI Checklist for Startups/Recording 20231228185105.webm' is not found among documentation files.
[1717874691.281][WARNI][mkdocs/structure/pages.py:495] Doc file 'Articles/2024/April/Blog Embed Test.md' contains a link 'Assets/media/AI%20Checklist%20for%20Startups/AI%20Checklist%20for%20Startups-image-20231228183546666.png', but the target 'Articles/2024/April/Assets/media/AI Checklist for Startups/AI Checklist for Startups-image-20231228183546666.png' is not found among documentation files.
[1717874691.282][WARNI][mkdocs/structure/pages.py:495] Doc file 'Articles/2024/April/Blog Embed Test.md' contains a link 'Assets/media/Blog%20Embed%20Test/Test%20Page%202023-08-25%2004.41.44.excalidraw.md', but the target 'Articles/2024/April/Assets/media/Blog Embed Test/Test Page 2023-08-25 04.41.44.excalidraw.md' is not found among documentation files.
[1717874691.282][WARNI][mkdocs/structure/pages.py:495] Doc file 'Articles/2024/April/Blog Embed Test.md' contains a link 'Assets/media/Blog%20Embed%20Test/Test%20Page%202023-08-25%2004.41.44.excalidraw.dark.svg', but the target 'Articles/2024/April/Assets/media/Blog Embed Test/Test Page 2023-08-25 04.41.44.excalidraw.dark.svg' is not found among documentation files.
[1717874691.315][INFO ][mkdocs/structure/pages.py:495] Doc file 'Articles/2024/April/Rise of Internal Developer Portals (iDp) - Part 1.md' contains an absolute link '/Assets/media/Images/Rise%20of%20Internal%20Developer%20Portals%20(iDp)%20-%20Part%201/Rise%20of%20Internal%20Developer%20Portals%20(iDp)%20-%20Part%201-image-20230718235101592.png', it was left as is.
[1717874691.316][INFO ][mkdocs/structure/pages.py:495] Doc file 'Articles/2024/April/Rise of Internal Developer Portals (iDp) - Part 1.md' contains an absolute link '/Assets/media/Images/Rise%20of%20Internal%20Developer%20Portals%20(iDp)%20-%20Part%201/Rise%20of%20Internal%20Developer%20Portals%20(iDp)%20-%20Part%201-image-20230718234232524.png', it was left as is.
[1717874691.445][WARNI][mkdocs/structure/pages.py:495] Doc file 'Articles/2024/March/Productivity Audits & the Fine art of Mastering Your Day.md' contains a link 'Recording%2020230904032416.webm', but the target 'Articles/2024/March/Recording 20230904032416.webm' is not found among documentation files.
[1717874692.838][INFO ][mkdocs/structure/pages.py:495] Doc file 'tags.md' contains an unrecognized relative link 'Articles/2024/May/Anatomy of Linux Kernel - Linux Kernel for System Engineers #2.md', it was left as is.
[1717874692.838][INFO ][mkdocs/structure/pages.py:495] Doc file 'tags.md' contains an unrecognized relative link 'Articles/2024/May/Anatomy of Linux Kernel - Linux Kernel for System Engineers #2.md', it was left as is.
[1717874692.839][INFO ][mkdocs/structure/pages.py:495] Doc file 'tags.md' contains an unrecognized relative link 'Articles/2024/May/Anatomy of Linux Kernel - Linux Kernel for System Engineers #2.md', it was left as is.
[1717874699.168][INFO ][mkdocs/structure/pages.py:323] Doc file 'Articles/2024/May/Booting up Linux Kernel - Linux for Engineers 1.md' contains a link '#Linux-Kernel-Bootup-Sequence', but there is no such anchor on this page.
[1717874699.187][INFO ][mkdocs/commands/build.py:353] Documentation built in 8.11 seconds
[1717874699.188][INFO ][mkdocs/livereload/__init__.py:223] Reloading browsers
[1717874700.433][WARNI][mkdocs/livereload/__init__.py:364] "GET /Recording%2020230904032416.webm HTTP/1.1" code 404
[1717874701.006][WARNI][mkdocs/livereload/__init__.py:364] "GET /Recording%2020230904032416.webm HTTP/1.1" code 404
[1717874702.844][INFO ][mkdocs/livereload/__init__.py:344] Browser connected: http://localhost:8000/
[1717874776.314][INFO ][mkdocs/livereload/__init__.py:203] Detected file changes
[1717874776.415][INFO ][mkdocs/commands/serve.py:62] Building documentation...
[1717874776.436][WARNI][mkdocs/config/base.py:377] Config value 'pub-obsidian': Unrecognised configuration name: pub-obsidian
[1717874776.437][WARNI][mkdocs/config/base.py:377] Config value 'exclude': Unrecognised configuration name: exclude
[1717874776.598][INFO ][mkdocs/structure/nav.py:174] An absolute path to '/...' is included in the 'nav' configuration, which presumably points to an external resource.
[1717874776.631][WARNI][mkdocs_rss_plugin/util.py:504] [RSS-plugin]: No description generated from metadata or content of the page index.md, therefore the feed won't be compliant, because an item must have a description.
[1717874776.641][WARNI][mkdocs/structure/pages.py:495] Doc file 'Articles/2024/April/Blog Embed Test.md' contains a link 'Assets/media/AI%20Checklist%20for%20Startups/AI%20Checklist%20for%20Startups%202023-12-28%2019.38.11.excalidraw.svg', but the target 'Articles/2024/April/Assets/media/AI Checklist for Startups/AI Checklist for Startups 2023-12-28 19.38.11.excalidraw.svg' is not found among documentation files.
[1717874776.642][WARNI][mkdocs/structure/pages.py:495] Doc file 'Articles/2024/April/Blog Embed Test.md' contains a link 'Assets/media/AI%20Checklist%20for%20Startups/Recording%2020231228185105.webm', but the target 'Articles/2024/April/Assets/media/AI Checklist for Startups/Recording 20231228185105.webm' is not found among documentation files.
[1717874776.642][WARNI][mkdocs/structure/pages.py:495] Doc file 'Articles/2024/April/Blog Embed Test.md' contains a link 'Assets/media/AI%20Checklist%20for%20Startups/AI%20Checklist%20for%20Startups-image-20231228183546666.png', but the target 'Articles/2024/April/Assets/media/AI Checklist for Startups/AI Checklist for Startups-image-20231228183546666.png' is not found among documentation files.
[1717874776.643][WARNI][mkdocs/structure/pages.py:495] Doc file 'Articles/2024/April/Blog Embed Test.md' contains a link 'Assets/media/Blog%20Embed%20Test/Test%20Page%202023-08-25%2004.41.44.excalidraw.md', but the target 'Articles/2024/April/Assets/media/Blog Embed Test/Test Page 2023-08-25 04.41.44.excalidraw.md' is not found among documentation files.
[1717874776.643][WARNI][mkdocs/structure/pages.py:495] Doc file 'Articles/2024/April/Blog Embed Test.md' contains a link 'Assets/media/Blog%20Embed%20Test/Test%20Page%202023-08-25%2004.41.44.excalidraw.dark.svg', but the target 'Articles/2024/April/Assets/media/Blog Embed Test/Test Page 2023-08-25 04.41.44.excalidraw.dark.svg' is not found among documentation files.
[1717874776.671][INFO ][mkdocs/structure/pages.py:495] Doc file 'Articles/2024/April/Rise of Internal Developer Portals (iDp) - Part 1.md' contains an absolute link '/Assets/media/Images/Rise%20of%20Internal%20Developer%20Portals%20(iDp)%20-%20Part%201/Rise%20of%20Internal%20Developer%20Portals%20(iDp)%20-%20Part%201-image-20230718235101592.png', it was left as is.
[1717874776.672][INFO ][mkdocs/structure/pages.py:495] Doc file 'Articles/2024/April/Rise of Internal Developer Portals (iDp) - Part 1.md' contains an absolute link '/Assets/media/Images/Rise%20of%20Internal%20Developer%20Portals%20(iDp)%20-%20Part%201/Rise%20of%20Internal%20Developer%20Portals%20(iDp)%20-%20Part%201-image-20230718234232524.png', it was left as is.
[1717874776.885][WARNI][mkdocs/structure/pages.py:495] Doc file 'Articles/2024/March/Productivity Audits & the Fine art of Mastering Your Day.md' contains a link 'Recording%2020230904032416.webm', but the target 'Articles/2024/March/Recording 20230904032416.webm' is not found among documentation files.
[1717874778.292][INFO ][mkdocs/structure/pages.py:495] Doc file 'tags.md' contains an unrecognized relative link 'Articles/2024/May/Anatomy of Linux Kernel - Linux Kernel for System Engineers #2.md', it was left as is.
[1717874778.293][INFO ][mkdocs/structure/pages.py:495] Doc file 'tags.md' contains an unrecognized relative link 'Articles/2024/May/Anatomy of Linux Kernel - Linux Kernel for System Engineers #2.md', it was left as is.
[1717874778.294][INFO ][mkdocs/structure/pages.py:495] Doc file 'tags.md' contains an unrecognized relative link 'Articles/2024/May/Anatomy of Linux Kernel - Linux Kernel for System Engineers #2.md', it was left as is.
[1717874784.210][INFO ][mkdocs/structure/pages.py:323] Doc file 'Articles/2024/May/Booting up Linux Kernel - Linux for Engineers 1.md' contains a link '#Linux-Kernel-Bootup-Sequence', but there is no such anchor on this page.
[1717874784.235][INFO ][mkdocs/commands/build.py:353] Documentation built in 7.80 seconds
[1717874784.236][INFO ][mkdocs/livereload/__init__.py:223] Reloading browsers
[1717874793.354][INFO ][mkdocs/livereload/__init__.py:203] Detected file changes
[1717874793.455][INFO ][mkdocs/commands/serve.py:62] Building documentation...
[1717874793.475][WARNI][mkdocs/config/base.py:377] Config value 'pub-obsidian': Unrecognised configuration name: pub-obsidian
[1717874793.475][WARNI][mkdocs/config/base.py:377] Config value 'exclude': Unrecognised configuration name: exclude
[1717874793.664][INFO ][mkdocs/structure/nav.py:174] An absolute path to '/...' is included in the 'nav' configuration, which presumably points to an external resource.
[1717874793.698][WARNI][mkdocs_rss_plugin/util.py:504] [RSS-plugin]: No description generated from metadata or content of the page index.md, therefore the feed won't be compliant, because an item must have a description.
[1717874793.709][WARNI][mkdocs/structure/pages.py:495] Doc file 'Articles/2024/April/Blog Embed Test.md' contains a link 'Assets/media/AI%20Checklist%20for%20Startups/AI%20Checklist%20for%20Startups%202023-12-28%2019.38.11.excalidraw.svg', but the target 'Articles/2024/April/Assets/media/AI Checklist for Startups/AI Checklist for Startups 2023-12-28 19.38.11.excalidraw.svg' is not found among documentation files.
[1717874793.709][WARNI][mkdocs/structure/pages.py:495] Doc file 'Articles/2024/April/Blog Embed Test.md' contains a link 'Assets/media/AI%20Checklist%20for%20Startups/Recording%2020231228185105.webm', but the target 'Articles/2024/April/Assets/media/AI Checklist for Startups/Recording 20231228185105.webm' is not found among documentation files.
[1717874793.710][WARNI][mkdocs/structure/pages.py:495] Doc file 'Articles/2024/April/Blog Embed Test.md' contains a link 'Assets/media/AI%20Checklist%20for%20Startups/AI%20Checklist%20for%20Startups-image-20231228183546666.png', but the target 'Articles/2024/April/Assets/media/AI Checklist for Startups/AI Checklist for Startups-image-20231228183546666.png' is not found among documentation files.
[1717874793.711][WARNI][mkdocs/structure/pages.py:495] Doc file 'Articles/2024/April/Blog Embed Test.md' contains a link 'Assets/media/Blog%20Embed%20Test/Test%20Page%202023-08-25%2004.41.44.excalidraw.md', but the target 'Articles/2024/April/Assets/media/Blog Embed Test/Test Page 2023-08-25 04.41.44.excalidraw.md' is not found among documentation files.
[1717874793.711][WARNI][mkdocs/structure/pages.py:495] Doc file 'Articles/2024/April/Blog Embed Test.md' contains a link 'Assets/media/Blog%20Embed%20Test/Test%20Page%202023-08-25%2004.41.44.excalidraw.dark.svg', but the target 'Articles/2024/April/Assets/media/Blog Embed Test/Test Page 2023-08-25 04.41.44.excalidraw.dark.svg' is not found among documentation files.
[1717874793.740][INFO ][mkdocs/structure/pages.py:495] Doc file 'Articles/2024/April/Rise of Internal Developer Portals (iDp) - Part 1.md' contains an absolute link '/Assets/media/Images/Rise%20of%20Internal%20Developer%20Portals%20(iDp)%20-%20Part%201/Rise%20of%20Internal%20Developer%20Portals%20(iDp)%20-%20Part%201-image-20230718235101592.png', it was left as is.
[1717874793.741][INFO ][mkdocs/structure/pages.py:495] Doc file 'Articles/2024/April/Rise of Internal Developer Portals (iDp) - Part 1.md' contains an absolute link '/Assets/media/Images/Rise%20of%20Internal%20Developer%20Portals%20(iDp)%20-%20Part%201/Rise%20of%20Internal%20Developer%20Portals%20(iDp)%20-%20Part%201-image-20230718234232524.png', it was left as is.
[1717874794.127][WARNI][mkdocs/structure/pages.py:495] Doc file 'Articles/2024/March/Productivity Audits & the Fine art of Mastering Your Day.md' contains a link 'Recording%2020230904032416.webm', but the target 'Articles/2024/March/Recording 20230904032416.webm' is not found among documentation files.
[1717874795.553][INFO ][mkdocs/structure/pages.py:495] Doc file 'tags.md' contains an unrecognized relative link 'Articles/2024/May/Anatomy of Linux Kernel - Linux Kernel for System Engineers #2.md', it was left as is.
[1717874795.554][INFO ][mkdocs/structure/pages.py:495] Doc file 'tags.md' contains an unrecognized relative link 'Articles/2024/May/Anatomy of Linux Kernel - Linux Kernel for System Engineers #2.md', it was left as is.
[1717874795.555][INFO ][mkdocs/structure/pages.py:495] Doc file 'tags.md' contains an unrecognized relative link 'Articles/2024/May/Anatomy of Linux Kernel - Linux Kernel for System Engineers #2.md', it was left as is.
[1717874801.400][INFO ][mkdocs/structure/pages.py:323] Doc file 'Articles/2024/May/Booting up Linux Kernel - Linux for Engineers 1.md' contains a link '#Linux-Kernel-Bootup-Sequence', but there is no such anchor on this page.
[1717874801.427][INFO ][mkdocs/commands/build.py:353] Documentation built in 7.95 seconds
[1717874801.428][INFO ][mkdocs/livereload/__init__.py:223] Reloading browsers
[1717874802.198][WARNI][mkdocs/livereload/__init__.py:364] "GET /Recording%2020230904032416.webm HTTP/1.1" code 404
[1717874803.265][WARNI][mkdocs/livereload/__init__.py:364] "GET /Recording%2020230904032416.webm HTTP/1.1" code 404
[1717874805.784][INFO ][mkdocs/livereload/__init__.py:344] Browser connected: http://localhost:8000/
[1717874866.119][INFO ][mkdocs/livereload/__init__.py:344] Browser connected: http://localhost:8000/2024/06/04/unleash-the-forbidden---enabling-ebpfxdp-for-kernel-tinkering-on-wsl2/
[1717874926.446][INFO ][mkdocs/livereload/__init__.py:344] Browser connected: http://localhost:8000/2024/05/11/efficient-git-workflow-with-stacked-prs/
[1717874939.420][WARNI][mkdocs/livereload/__init__.py:364] "GET /archive/2024/Recording%2020230904032416.webm HTTP/1.1" code 404
[1717874946.534][WARNI][mkdocs/livereload/__init__.py:364] "GET /archive/2024/Recording%2020230904032416.webm HTTP/1.1" code 404
[1717874961.041][WARNI][mkdocs/livereload/__init__.py:364] "GET /2023/01/01/blog-embed-test/Assets/media/AI%20Checklist%20for%20Startups/AI%20Checklist%20for%20Startups%202023-12-28%2019.38.11.excalidraw.svg HTTP/1.1" code 404
[1717874961.070][WARNI][mkdocs/livereload/__init__.py:364] "GET /2023/01/01/blog-embed-test/Assets/media/AI%20Checklist%20for%20Startups/AI%20Checklist%20for%20Startups-image-20231228183546666.png HTTP/1.1" code 404
[1717874961.070][WARNI][mkdocs/livereload/__init__.py:364] "GET /2023/01/01/blog-embed-test/Assets/media/AI%20Checklist%20for%20Startups/Recording%2020231228185105.webm HTTP/1.1" code 404
[1717874986.868][INFO ][mkdocs/livereload/__init__.py:344] Browser connected: http://localhost:8000/Interests/Geo-politics/Indo-China%20War%20prospects/
[1717874988.495][WARNI][mkdocs/livereload/__init__.py:364] "GET /Recording%2020230904032416.webm HTTP/1.1" code 404
[1717874995.063][INFO ][mkdocs/commands/serve.py:106] Shutting down...
[1717874995.297][INFO ][mkdocs_publisher/debugger/plugin.py:113] Platform: Linux-6.1.21.2-microsoft-standard-WSL2+-x86_64-with-glibc2.27
[1717874995.298][INFO ][mkdocs_publisher/debugger/plugin.py:114] Python version: 3.11.3 (using virtual environment: true)
[1717874995.298][INFO ][mkdocs_publisher/debugger/plugin.py:118] Build log file: /home/shaishav/devlog/20240608_192314_mkdocs_build.log
[1717874995.777][INFO ][mkdocs_publisher/debugger/plugin.py:151] Debugger ZIP file: 20240608_192314_mkdocs_debug.zip
