[1721739972.343][WARNI][mkdocs/config/base.py:377] Config value 'plugins': Plugin 'rss' option 'feeds_filenames': Unrecognised configuration name: feeds_filenames
[1721739972.344][WARNI][mkdocs/config/base.py:377] Config value 'pub-obsidian': Unrecognised configuration name: pub-obsidian
[1721739972.344][WARNI][mkdocs/config/base.py:377] Config value 'exclude': Unrecognised configuration name: exclude
[1721739972.344][INFO ][mkdocs/commands/serve.py:62] Building documentation...
[1721739972.365][INFO ][mkdocs/commands/build.py:271] Cleaning site directory
[1721739972.439][INFO ][mkdocs/structure/nav.py:174] An absolute path to '/...' is included in the 'nav' configuration, which presumably points to an external resource.
[1721739972.459][WARNI][mkdocs_rss_plugin/util.py:504] [RSS-plugin]: No description generated from metadata or content of the page index.md, therefore the feed won't be compliant, because an item must have a description.
[1721739972.489][WARNI][mkdocs/structure/pages.py:495] Doc file 'Articles/2024/April/Blog Embed Test.md' contains a link 'Assets/media/AI%20Checklist%20for%20Startups/AI%20Checklist%20for%20Startups%202023-12-28%2019.38.11.excalidraw.svg', but the target 'Articles/2024/April/Assets/media/AI Checklist for Startups/AI Checklist for Startups 2023-12-28 19.38.11.excalidraw.svg' is not found among documentation files.
[1721739972.490][WARNI][mkdocs/structure/pages.py:495] Doc file 'Articles/2024/April/Blog Embed Test.md' contains a link 'Assets/media/AI%20Checklist%20for%20Startups/Recording%2020231228185105.webm', but the target 'Articles/2024/April/Assets/media/AI Checklist for Startups/Recording 20231228185105.webm' is not found among documentation files.
[1721739972.490][WARNI][mkdocs/structure/pages.py:495] Doc file 'Articles/2024/April/Blog Embed Test.md' contains a link 'Assets/media/AI%20Checklist%20for%20Startups/AI%20Checklist%20for%20Startups-image-20231228183546666.png', but the target 'Articles/2024/April/Assets/media/AI Checklist for Startups/AI Checklist for Startups-image-20231228183546666.png' is not found among documentation files.
[1721739972.490][WARNI][mkdocs/structure/pages.py:495] Doc file 'Articles/2024/April/Blog Embed Test.md' contains a link 'Assets/media/Blog%20Embed%20Test/Test%20Page%202023-08-25%2004.41.44.excalidraw.md', but the target 'Articles/2024/April/Assets/media/Blog Embed Test/Test Page 2023-08-25 04.41.44.excalidraw.md' is not found among documentation files.
[1721739972.490][WARNI][mkdocs/structure/pages.py:495] Doc file 'Articles/2024/April/Blog Embed Test.md' contains a link 'Assets/media/Blog%20Embed%20Test/Test%20Page%202023-08-25%2004.41.44.excalidraw.dark.svg', but the target 'Articles/2024/April/Assets/media/Blog Embed Test/Test Page 2023-08-25 04.41.44.excalidraw.dark.svg' is not found among documentation files.
[1721739972.506][INFO ][mkdocs/structure/pages.py:495] Doc file 'Articles/2024/April/Rise of Internal Developer Portals (iDp) - Part 1.md' contains an absolute link '/Assets/media/Images/Rise%20of%20Internal%20Developer%20Portals%20(iDp)%20-%20Part%201/Rise%20of%20Internal%20Developer%20Portals%20(iDp)%20-%20Part%201-image-20230718235101592.png', it was left as is.
[1721739972.506][INFO ][mkdocs/structure/pages.py:495] Doc file 'Articles/2024/April/Rise of Internal Developer Portals (iDp) - Part 1.md' contains an absolute link '/Assets/media/Images/Rise%20of%20Internal%20Developer%20Portals%20(iDp)%20-%20Part%201/Rise%20of%20Internal%20Developer%20Portals%20(iDp)%20-%20Part%201-image-20230718234232524.png', it was left as is.
[1721739972.600][WARNI][mkdocs/structure/pages.py:495] Doc file 'Articles/2024/March/Productivity Audits & the Fine art of Mastering Your Day.md' contains a link 'Recording%2020230904032416.webm', but the target 'Articles/2024/March/Recording 20230904032416.webm' is not found among documentation files.
[1721739973.307][INFO ][mkdocs/structure/pages.py:495] Doc file 'tags.md' contains an unrecognized relative link 'Articles/2024/May/Anatomy of Linux Kernel - Linux Kernel for System Engineers #2.md', it was left as is.
[1721739973.307][INFO ][mkdocs/structure/pages.py:495] Doc file 'tags.md' contains an unrecognized relative link 'Articles/2024/May/Anatomy of Linux Kernel - Linux Kernel for System Engineers #2.md', it was left as is.
[1721739973.308][INFO ][mkdocs/structure/pages.py:495] Doc file 'tags.md' contains an unrecognized relative link 'Articles/2024/May/Anatomy of Linux Kernel - Linux Kernel for System Engineers #2.md', it was left as is.
[1721739977.470][INFO ][mkdocs/structure/pages.py:323] Doc file 'Articles/2024/May/Booting up Linux Kernel - Linux for Engineers 1.md' contains a link '#Linux-Kernel-Bootup-Sequence', but there is no such anchor on this page.
[1721739977.484][INFO ][mkdocs/commands/build.py:353] Documentation built in 5.14 seconds
[1721739977.486][INFO ][mkdocs/livereload/__init__.py:180] Watching paths for changes: 'docs', 'mkdocs.yml'
[1721739977.487][INFO ][mkdocs/livereload/__init__.py:185] Serving on http://127.0.0.1:8000/
[1721739980.372][WARNI][mkdocs/livereload/__init__.py:364] "GET /assets/css/nav.css HTTP/1.1" code 404
[1721739980.436][WARNI][mkdocs/livereload/__init__.py:364] "GET /Recording%2020230904032416.webm HTTP/1.1" code 404
[1721739980.641][WARNI][mkdocs/livereload/__init__.py:364] "GET /assets/css/nav.css HTTP/1.1" code 404
[1721739980.702][WARNI][mkdocs/livereload/__init__.py:364] "GET /Recording%2020230904032416.webm HTTP/1.1" code 404
[1721739981.099][INFO ][mkdocs/livereload/__init__.py:344] Browser connected: http://localhost:8000/
[1721740017.190][WARNI][mkdocs/livereload/__init__.py:364] "GET /Recording%2020230904032416.webm HTTP/1.1" code 404
[1721740032.070][WARNI][mkdocs/livereload/__init__.py:364] "GET /assets/css/nav.css HTTP/1.1" code 404
[1721740041.105][INFO ][mkdocs/livereload/__init__.py:344] Browser connected: http://localhost:8000/2024/04/28/linux-kernel-explained---deep-dive-series-for-system-engineers/
[1721741028.277][INFO ][mkdocs/livereload/__init__.py:203] Detected file changes
[1721741028.377][INFO ][mkdocs/commands/serve.py:62] Building documentation...
[1721741028.417][WARNI][mkdocs/config/base.py:377] Config value 'plugins': Plugin 'rss' option 'feeds_filenames': Unrecognised configuration name: feeds_filenames
[1721741028.417][WARNI][mkdocs/config/base.py:377] Config value 'pub-obsidian': Unrecognised configuration name: pub-obsidian
[1721741028.417][WARNI][mkdocs/config/base.py:377] Config value 'exclude': Unrecognised configuration name: exclude
[1721741028.518][INFO ][mkdocs/structure/nav.py:174] An absolute path to '/...' is included in the 'nav' configuration, which presumably points to an external resource.
[1721741028.539][WARNI][mkdocs_rss_plugin/util.py:504] [RSS-plugin]: No description generated from metadata or content of the page index.md, therefore the feed won't be compliant, because an item must have a description.
[1721741028.544][WARNI][mkdocs/structure/pages.py:495] Doc file 'Articles/2024/April/Blog Embed Test.md' contains a link 'Assets/media/AI%20Checklist%20for%20Startups/AI%20Checklist%20for%20Startups%202023-12-28%2019.38.11.excalidraw.svg', but the target 'Articles/2024/April/Assets/media/AI Checklist for Startups/AI Checklist for Startups 2023-12-28 19.38.11.excalidraw.svg' is not found among documentation files.
[1721741028.545][WARNI][mkdocs/structure/pages.py:495] Doc file 'Articles/2024/April/Blog Embed Test.md' contains a link 'Assets/media/AI%20Checklist%20for%20Startups/Recording%2020231228185105.webm', but the target 'Articles/2024/April/Assets/media/AI Checklist for Startups/Recording 20231228185105.webm' is not found among documentation files.
[1721741028.545][WARNI][mkdocs/structure/pages.py:495] Doc file 'Articles/2024/April/Blog Embed Test.md' contains a link 'Assets/media/AI%20Checklist%20for%20Startups/AI%20Checklist%20for%20Startups-image-20231228183546666.png', but the target 'Articles/2024/April/Assets/media/AI Checklist for Startups/AI Checklist for Startups-image-20231228183546666.png' is not found among documentation files.
[1721741028.545][WARNI][mkdocs/structure/pages.py:495] Doc file 'Articles/2024/April/Blog Embed Test.md' contains a link 'Assets/media/Blog%20Embed%20Test/Test%20Page%202023-08-25%2004.41.44.excalidraw.md', but the target 'Articles/2024/April/Assets/media/Blog Embed Test/Test Page 2023-08-25 04.41.44.excalidraw.md' is not found among documentation files.
[1721741028.545][WARNI][mkdocs/structure/pages.py:495] Doc file 'Articles/2024/April/Blog Embed Test.md' contains a link 'Assets/media/Blog%20Embed%20Test/Test%20Page%202023-08-25%2004.41.44.excalidraw.dark.svg', but the target 'Articles/2024/April/Assets/media/Blog Embed Test/Test Page 2023-08-25 04.41.44.excalidraw.dark.svg' is not found among documentation files.
[1721741028.560][INFO ][mkdocs/structure/pages.py:495] Doc file 'Articles/2024/April/Rise of Internal Developer Portals (iDp) - Part 1.md' contains an absolute link '/Assets/media/Images/Rise%20of%20Internal%20Developer%20Portals%20(iDp)%20-%20Part%201/Rise%20of%20Internal%20Developer%20Portals%20(iDp)%20-%20Part%201-image-20230718235101592.png', it was left as is.
[1721741028.560][INFO ][mkdocs/structure/pages.py:495] Doc file 'Articles/2024/April/Rise of Internal Developer Portals (iDp) - Part 1.md' contains an absolute link '/Assets/media/Images/Rise%20of%20Internal%20Developer%20Portals%20(iDp)%20-%20Part%201/Rise%20of%20Internal%20Developer%20Portals%20(iDp)%20-%20Part%201-image-20230718234232524.png', it was left as is.
[1721741028.648][WARNI][mkdocs/structure/pages.py:495] Doc file 'Articles/2024/March/Productivity Audits & the Fine art of Mastering Your Day.md' contains a link 'Recording%2020230904032416.webm', but the target 'Articles/2024/March/Recording 20230904032416.webm' is not found among documentation files.
[1721741029.321][INFO ][mkdocs/structure/pages.py:495] Doc file 'tags.md' contains an unrecognized relative link 'Articles/2024/May/Anatomy of Linux Kernel - Linux Kernel for System Engineers #2.md', it was left as is.
[1721741029.321][INFO ][mkdocs/structure/pages.py:495] Doc file 'tags.md' contains an unrecognized relative link 'Articles/2024/May/Anatomy of Linux Kernel - Linux Kernel for System Engineers #2.md', it was left as is.
[1721741029.322][INFO ][mkdocs/structure/pages.py:495] Doc file 'tags.md' contains an unrecognized relative link 'Articles/2024/May/Anatomy of Linux Kernel - Linux Kernel for System Engineers #2.md', it was left as is.
[1721741033.404][INFO ][mkdocs/structure/pages.py:323] Doc file 'Articles/2024/May/Booting up Linux Kernel - Linux for Engineers 1.md' contains a link '#Linux-Kernel-Bootup-Sequence', but there is no such anchor on this page.
[1721741033.417][INFO ][mkdocs/commands/build.py:353] Documentation built in 5.00 seconds
[1721741033.417][INFO ][mkdocs/livereload/__init__.py:223] Reloading browsers
[1721741033.504][WARNI][mkdocs/livereload/__init__.py:364] "GET /assets/css/nav.css HTTP/1.1" code 404
[1721741033.685][WARNI][mkdocs/livereload/__init__.py:364] "GET /assets/css/nav.css HTTP/1.1" code 404
[1721741034.023][INFO ][mkdocs/livereload/__init__.py:344] Browser connected: http://localhost:8000/2024/04/28/linux-kernel-explained---deep-dive-series-for-system-engineers/
[1721741040.251][WARNI][mkdocs/livereload/__init__.py:364] "GET /Recording%2020230904032416.webm HTTP/1.1" code 404
[1721741046.302][WARNI][mkdocs/livereload/__init__.py:364] "GET /assets/css/nav.css HTTP/1.1" code 404
[1721741094.051][INFO ][mkdocs/livereload/__init__.py:344] Browser connected: http://localhost:8000/
[1721741119.730][INFO ][mkdocs/livereload/__init__.py:203] Detected file changes
[1721741119.830][INFO ][mkdocs/commands/serve.py:62] Building documentation...
[1721741119.841][WARNI][mkdocs/config/base.py:377] Config value 'plugins': Plugin 'rss' option 'feeds_filenames': Unrecognised configuration name: feeds_filenames
[1721741119.841][WARNI][mkdocs/config/base.py:377] Config value 'pub-obsidian': Unrecognised configuration name: pub-obsidian
[1721741119.841][WARNI][mkdocs/config/base.py:377] Config value 'exclude': Unrecognised configuration name: exclude
[1721741119.938][INFO ][mkdocs/structure/nav.py:174] An absolute path to '/...' is included in the 'nav' configuration, which presumably points to an external resource.
[1721741119.958][WARNI][mkdocs_rss_plugin/util.py:504] [RSS-plugin]: No description generated from metadata or content of the page index.md, therefore the feed won't be compliant, because an item must have a description.
[1721741119.963][WARNI][mkdocs/structure/pages.py:495] Doc file 'Articles/2024/April/Blog Embed Test.md' contains a link 'Assets/media/AI%20Checklist%20for%20Startups/AI%20Checklist%20for%20Startups%202023-12-28%2019.38.11.excalidraw.svg', but the target 'Articles/2024/April/Assets/media/AI Checklist for Startups/AI Checklist for Startups 2023-12-28 19.38.11.excalidraw.svg' is not found among documentation files.
[1721741119.964][WARNI][mkdocs/structure/pages.py:495] Doc file 'Articles/2024/April/Blog Embed Test.md' contains a link 'Assets/media/AI%20Checklist%20for%20Startups/Recording%2020231228185105.webm', but the target 'Articles/2024/April/Assets/media/AI Checklist for Startups/Recording 20231228185105.webm' is not found among documentation files.
[1721741119.964][WARNI][mkdocs/structure/pages.py:495] Doc file 'Articles/2024/April/Blog Embed Test.md' contains a link 'Assets/media/AI%20Checklist%20for%20Startups/AI%20Checklist%20for%20Startups-image-20231228183546666.png', but the target 'Articles/2024/April/Assets/media/AI Checklist for Startups/AI Checklist for Startups-image-20231228183546666.png' is not found among documentation files.
[1721741119.964][WARNI][mkdocs/structure/pages.py:495] Doc file 'Articles/2024/April/Blog Embed Test.md' contains a link 'Assets/media/Blog%20Embed%20Test/Test%20Page%202023-08-25%2004.41.44.excalidraw.md', but the target 'Articles/2024/April/Assets/media/Blog Embed Test/Test Page 2023-08-25 04.41.44.excalidraw.md' is not found among documentation files.
[1721741119.964][WARNI][mkdocs/structure/pages.py:495] Doc file 'Articles/2024/April/Blog Embed Test.md' contains a link 'Assets/media/Blog%20Embed%20Test/Test%20Page%202023-08-25%2004.41.44.excalidraw.dark.svg', but the target 'Articles/2024/April/Assets/media/Blog Embed Test/Test Page 2023-08-25 04.41.44.excalidraw.dark.svg' is not found among documentation files.
[1721741119.979][INFO ][mkdocs/structure/pages.py:495] Doc file 'Articles/2024/April/Rise of Internal Developer Portals (iDp) - Part 1.md' contains an absolute link '/Assets/media/Images/Rise%20of%20Internal%20Developer%20Portals%20(iDp)%20-%20Part%201/Rise%20of%20Internal%20Developer%20Portals%20(iDp)%20-%20Part%201-image-20230718235101592.png', it was left as is.
[1721741119.979][INFO ][mkdocs/structure/pages.py:495] Doc file 'Articles/2024/April/Rise of Internal Developer Portals (iDp) - Part 1.md' contains an absolute link '/Assets/media/Images/Rise%20of%20Internal%20Developer%20Portals%20(iDp)%20-%20Part%201/Rise%20of%20Internal%20Developer%20Portals%20(iDp)%20-%20Part%201-image-20230718234232524.png', it was left as is.
[1721741120.064][WARNI][mkdocs/structure/pages.py:495] Doc file 'Articles/2024/March/Productivity Audits & the Fine art of Mastering Your Day.md' contains a link 'Recording%2020230904032416.webm', but the target 'Articles/2024/March/Recording 20230904032416.webm' is not found among documentation files.
[1721741120.741][INFO ][mkdocs/structure/pages.py:495] Doc file 'tags.md' contains an unrecognized relative link 'Articles/2024/May/Anatomy of Linux Kernel - Linux Kernel for System Engineers #2.md', it was left as is.
[1721741120.742][INFO ][mkdocs/structure/pages.py:495] Doc file 'tags.md' contains an unrecognized relative link 'Articles/2024/May/Anatomy of Linux Kernel - Linux Kernel for System Engineers #2.md', it was left as is.
[1721741120.742][INFO ][mkdocs/structure/pages.py:495] Doc file 'tags.md' contains an unrecognized relative link 'Articles/2024/May/Anatomy of Linux Kernel - Linux Kernel for System Engineers #2.md', it was left as is.
[1721741124.907][INFO ][mkdocs/structure/pages.py:323] Doc file 'Articles/2024/May/Booting up Linux Kernel - Linux for Engineers 1.md' contains a link '#Linux-Kernel-Bootup-Sequence', but there is no such anchor on this page.
[1721741124.920][INFO ][mkdocs/commands/build.py:353] Documentation built in 5.08 seconds
[1721741124.920][INFO ][mkdocs/livereload/__init__.py:223] Reloading browsers
[1721741125.012][WARNI][mkdocs/livereload/__init__.py:364] "GET /assets/css/nav.css HTTP/1.1" code 404
[1721741125.073][WARNI][mkdocs/livereload/__init__.py:364] "GET /Recording%2020230904032416.webm HTTP/1.1" code 404
[1721741125.164][WARNI][mkdocs/livereload/__init__.py:364] "GET /assets/css/nav.css HTTP/1.1" code 404
[1721741125.225][WARNI][mkdocs/livereload/__init__.py:364] "GET /Recording%2020230904032416.webm HTTP/1.1" code 404
[1721741125.512][INFO ][mkdocs/livereload/__init__.py:344] Browser connected: http://localhost:8000/
[1721741132.568][INFO ][mkdocs/livereload/__init__.py:203] Detected file changes
[1721741132.668][INFO ][mkdocs/commands/serve.py:62] Building documentation...
[1721741132.680][WARNI][mkdocs/config/base.py:377] Config value 'plugins': Plugin 'rss' option 'feeds_filenames': Unrecognised configuration name: feeds_filenames
[1721741132.680][WARNI][mkdocs/config/base.py:377] Config value 'pub-obsidian': Unrecognised configuration name: pub-obsidian
[1721741132.680][WARNI][mkdocs/config/base.py:377] Config value 'exclude': Unrecognised configuration name: exclude
[1721741132.781][INFO ][mkdocs/structure/nav.py:174] An absolute path to '/...' is included in the 'nav' configuration, which presumably points to an external resource.
[1721741132.801][WARNI][mkdocs_rss_plugin/util.py:504] [RSS-plugin]: No description generated from metadata or content of the page index.md, therefore the feed won't be compliant, because an item must have a description.
[1721741132.807][WARNI][mkdocs/structure/pages.py:495] Doc file 'Articles/2024/April/Blog Embed Test.md' contains a link 'Assets/media/AI%20Checklist%20for%20Startups/AI%20Checklist%20for%20Startups%202023-12-28%2019.38.11.excalidraw.svg', but the target 'Articles/2024/April/Assets/media/AI Checklist for Startups/AI Checklist for Startups 2023-12-28 19.38.11.excalidraw.svg' is not found among documentation files.
[1721741132.807][WARNI][mkdocs/structure/pages.py:495] Doc file 'Articles/2024/April/Blog Embed Test.md' contains a link 'Assets/media/AI%20Checklist%20for%20Startups/Recording%2020231228185105.webm', but the target 'Articles/2024/April/Assets/media/AI Checklist for Startups/Recording 20231228185105.webm' is not found among documentation files.
[1721741132.807][WARNI][mkdocs/structure/pages.py:495] Doc file 'Articles/2024/April/Blog Embed Test.md' contains a link 'Assets/media/AI%20Checklist%20for%20Startups/AI%20Checklist%20for%20Startups-image-20231228183546666.png', but the target 'Articles/2024/April/Assets/media/AI Checklist for Startups/AI Checklist for Startups-image-20231228183546666.png' is not found among documentation files.
[1721741132.807][WARNI][mkdocs/structure/pages.py:495] Doc file 'Articles/2024/April/Blog Embed Test.md' contains a link 'Assets/media/Blog%20Embed%20Test/Test%20Page%202023-08-25%2004.41.44.excalidraw.md', but the target 'Articles/2024/April/Assets/media/Blog Embed Test/Test Page 2023-08-25 04.41.44.excalidraw.md' is not found among documentation files.
[1721741132.807][WARNI][mkdocs/structure/pages.py:495] Doc file 'Articles/2024/April/Blog Embed Test.md' contains a link 'Assets/media/Blog%20Embed%20Test/Test%20Page%202023-08-25%2004.41.44.excalidraw.dark.svg', but the target 'Articles/2024/April/Assets/media/Blog Embed Test/Test Page 2023-08-25 04.41.44.excalidraw.dark.svg' is not found among documentation files.
[1721741132.823][INFO ][mkdocs/structure/pages.py:495] Doc file 'Articles/2024/April/Rise of Internal Developer Portals (iDp) - Part 1.md' contains an absolute link '/Assets/media/Images/Rise%20of%20Internal%20Developer%20Portals%20(iDp)%20-%20Part%201/Rise%20of%20Internal%20Developer%20Portals%20(iDp)%20-%20Part%201-image-20230718235101592.png', it was left as is.
[1721741132.823][INFO ][mkdocs/structure/pages.py:495] Doc file 'Articles/2024/April/Rise of Internal Developer Portals (iDp) - Part 1.md' contains an absolute link '/Assets/media/Images/Rise%20of%20Internal%20Developer%20Portals%20(iDp)%20-%20Part%201/Rise%20of%20Internal%20Developer%20Portals%20(iDp)%20-%20Part%201-image-20230718234232524.png', it was left as is.
[1721741132.910][WARNI][mkdocs/structure/pages.py:495] Doc file 'Articles/2024/March/Productivity Audits & the Fine art of Mastering Your Day.md' contains a link 'Recording%2020230904032416.webm', but the target 'Articles/2024/March/Recording 20230904032416.webm' is not found among documentation files.
[1721741133.635][INFO ][mkdocs/structure/pages.py:495] Doc file 'tags.md' contains an unrecognized relative link 'Articles/2024/May/Anatomy of Linux Kernel - Linux Kernel for System Engineers #2.md', it was left as is.
[1721741133.635][INFO ][mkdocs/structure/pages.py:495] Doc file 'tags.md' contains an unrecognized relative link 'Articles/2024/May/Anatomy of Linux Kernel - Linux Kernel for System Engineers #2.md', it was left as is.
[1721741133.635][INFO ][mkdocs/structure/pages.py:495] Doc file 'tags.md' contains an unrecognized relative link 'Articles/2024/May/Anatomy of Linux Kernel - Linux Kernel for System Engineers #2.md', it was left as is.
[1721741137.899][INFO ][mkdocs/structure/pages.py:323] Doc file 'Articles/2024/May/Booting up Linux Kernel - Linux for Engineers 1.md' contains a link '#Linux-Kernel-Bootup-Sequence', but there is no such anchor on this page.
[1721741137.912][INFO ][mkdocs/commands/build.py:353] Documentation built in 5.23 seconds
[1721741137.912][INFO ][mkdocs/livereload/__init__.py:223] Reloading browsers
[1721741137.912][INFO ][mkdocs/livereload/__init__.py:203] Detected file changes
[1721741137.996][WARNI][mkdocs/livereload/__init__.py:364] "GET /assets/css/nav.css HTTP/1.1" code 404
[1721741138.013][INFO ][mkdocs/commands/serve.py:62] Building documentation...
[1721741138.026][WARNI][mkdocs/config/base.py:377] Config value 'plugins': Plugin 'rss' option 'feeds_filenames': Unrecognised configuration name: feeds_filenames
[1721741138.027][WARNI][mkdocs/config/base.py:377] Config value 'pub-obsidian': Unrecognised configuration name: pub-obsidian
[1721741138.027][WARNI][mkdocs/config/base.py:377] Config value 'exclude': Unrecognised configuration name: exclude
[1721741138.139][INFO ][mkdocs/structure/nav.py:174] An absolute path to '/...' is included in the 'nav' configuration, which presumably points to an external resource.
[1721741138.159][WARNI][mkdocs_rss_plugin/util.py:504] [RSS-plugin]: No description generated from metadata or content of the page index.md, therefore the feed won't be compliant, because an item must have a description.
[1721741138.166][WARNI][mkdocs/structure/pages.py:495] Doc file 'Articles/2024/April/Blog Embed Test.md' contains a link 'Assets/media/AI%20Checklist%20for%20Startups/AI%20Checklist%20for%20Startups%202023-12-28%2019.38.11.excalidraw.svg', but the target 'Articles/2024/April/Assets/media/AI Checklist for Startups/AI Checklist for Startups 2023-12-28 19.38.11.excalidraw.svg' is not found among documentation files.
[1721741138.166][WARNI][mkdocs/structure/pages.py:495] Doc file 'Articles/2024/April/Blog Embed Test.md' contains a link 'Assets/media/AI%20Checklist%20for%20Startups/Recording%2020231228185105.webm', but the target 'Articles/2024/April/Assets/media/AI Checklist for Startups/Recording 20231228185105.webm' is not found among documentation files.
[1721741138.166][WARNI][mkdocs/structure/pages.py:495] Doc file 'Articles/2024/April/Blog Embed Test.md' contains a link 'Assets/media/AI%20Checklist%20for%20Startups/AI%20Checklist%20for%20Startups-image-20231228183546666.png', but the target 'Articles/2024/April/Assets/media/AI Checklist for Startups/AI Checklist for Startups-image-20231228183546666.png' is not found among documentation files.
[1721741138.166][WARNI][mkdocs/structure/pages.py:495] Doc file 'Articles/2024/April/Blog Embed Test.md' contains a link 'Assets/media/Blog%20Embed%20Test/Test%20Page%202023-08-25%2004.41.44.excalidraw.md', but the target 'Articles/2024/April/Assets/media/Blog Embed Test/Test Page 2023-08-25 04.41.44.excalidraw.md' is not found among documentation files.
[1721741138.167][WARNI][mkdocs/structure/pages.py:495] Doc file 'Articles/2024/April/Blog Embed Test.md' contains a link 'Assets/media/Blog%20Embed%20Test/Test%20Page%202023-08-25%2004.41.44.excalidraw.dark.svg', but the target 'Articles/2024/April/Assets/media/Blog Embed Test/Test Page 2023-08-25 04.41.44.excalidraw.dark.svg' is not found among documentation files.
[1721741138.183][INFO ][mkdocs/structure/pages.py:495] Doc file 'Articles/2024/April/Rise of Internal Developer Portals (iDp) - Part 1.md' contains an absolute link '/Assets/media/Images/Rise%20of%20Internal%20Developer%20Portals%20(iDp)%20-%20Part%201/Rise%20of%20Internal%20Developer%20Portals%20(iDp)%20-%20Part%201-image-20230718235101592.png', it was left as is.
[1721741138.183][INFO ][mkdocs/structure/pages.py:495] Doc file 'Articles/2024/April/Rise of Internal Developer Portals (iDp) - Part 1.md' contains an absolute link '/Assets/media/Images/Rise%20of%20Internal%20Developer%20Portals%20(iDp)%20-%20Part%201/Rise%20of%20Internal%20Developer%20Portals%20(iDp)%20-%20Part%201-image-20230718234232524.png', it was left as is.
[1721741138.275][WARNI][mkdocs/structure/pages.py:495] Doc file 'Articles/2024/March/Productivity Audits & the Fine art of Mastering Your Day.md' contains a link 'Recording%2020230904032416.webm', but the target 'Articles/2024/March/Recording 20230904032416.webm' is not found among documentation files.
[1721741139.038][INFO ][mkdocs/structure/pages.py:495] Doc file 'tags.md' contains an unrecognized relative link 'Articles/2024/May/Anatomy of Linux Kernel - Linux Kernel for System Engineers #2.md', it was left as is.
[1721741139.039][INFO ][mkdocs/structure/pages.py:495] Doc file 'tags.md' contains an unrecognized relative link 'Articles/2024/May/Anatomy of Linux Kernel - Linux Kernel for System Engineers #2.md', it was left as is.
[1721741139.039][INFO ][mkdocs/structure/pages.py:495] Doc file 'tags.md' contains an unrecognized relative link 'Articles/2024/May/Anatomy of Linux Kernel - Linux Kernel for System Engineers #2.md', it was left as is.
[1721741143.510][INFO ][mkdocs/structure/pages.py:323] Doc file 'Articles/2024/May/Booting up Linux Kernel - Linux for Engineers 1.md' contains a link '#Linux-Kernel-Bootup-Sequence', but there is no such anchor on this page.
[1721741143.524][INFO ][mkdocs/commands/build.py:353] Documentation built in 5.50 seconds
[1721741143.524][INFO ][mkdocs/livereload/__init__.py:223] Reloading browsers
[1721741143.525][WARNI][mkdocs/livereload/__init__.py:364] "GET /Recording%2020230904032416.webm HTTP/1.1" code 404
[1721741143.565][WARNI][mkdocs/livereload/__init__.py:364] "GET /assets/css/nav.css HTTP/1.1" code 404
[1721741143.599][WARNI][mkdocs/livereload/__init__.py:364] "GET /Recording%2020230904032416.webm HTTP/1.1" code 404
[1721741143.807][WARNI][mkdocs/livereload/__init__.py:364] "GET /assets/css/nav.css HTTP/1.1" code 404
[1721741143.864][WARNI][mkdocs/livereload/__init__.py:364] "GET /Recording%2020230904032416.webm HTTP/1.1" code 404
[1721741143.954][WARNI][mkdocs/livereload/__init__.py:364] "GET /assets/css/nav.css HTTP/1.1" code 404
[1721741143.993][WARNI][mkdocs/livereload/__init__.py:364] "GET /Recording%2020230904032416.webm HTTP/1.1" code 404
[1721741144.290][INFO ][mkdocs/livereload/__init__.py:344] Browser connected: http://localhost:8000/
[1721741145.918][WARNI][mkdocs/livereload/__init__.py:364] "GET /assets/css/nav.css HTTP/1.1" code 404
[1721741145.959][WARNI][mkdocs/livereload/__init__.py:364] "GET /Recording%2020230904032416.webm HTTP/1.1" code 404
[1721741146.073][WARNI][mkdocs/livereload/__init__.py:364] "GET /assets/css/nav.css HTTP/1.1" code 404
[1721741146.121][WARNI][mkdocs/livereload/__init__.py:364] "GET /Recording%2020230904032416.webm HTTP/1.1" code 404
[1721741146.386][INFO ][mkdocs/livereload/__init__.py:344] Browser connected: http://localhost:8000/
[1721741187.092][INFO ][mkdocs/commands/serve.py:106] Shutting down...
[1721741187.200][INFO ][mkdocs_publisher/debugger/plugin.py:113] Platform: Linux-6.5.0-44-generic-x86_64-with-glibc2.35
[1721741187.200][INFO ][mkdocs_publisher/debugger/plugin.py:114] Python version: 3.11.8 (using virtual environment: true)
[1721741187.200][INFO ][mkdocs_publisher/debugger/plugin.py:118] Build log file: /home/tempuser/Desktop/wiresurfer.github.io/20240723_130612_mkdocs_build.log
[1721741187.487][INFO ][mkdocs_publisher/debugger/plugin.py:151] Debugger ZIP file: 20240723_130612_mkdocs_debug.zip
