[1721048089.793][WARNI][mkdocs/config/base.py:377] Config value 'plugins': Plugin 'rss' option 'feeds_filenames': Unrecognised configuration name: feeds_filenames
[1721048089.794][WARNI][mkdocs/config/base.py:377] Config value 'pub-obsidian': Unrecognised configuration name: pub-obsidian
[1721048089.794][WARNI][mkdocs/config/base.py:377] Config value 'exclude': Unrecognised configuration name: exclude
[1721048089.794][INFO ][mkdocs/commands/serve.py:62] Building documentation...
[1721048089.815][INFO ][mkdocs/commands/build.py:271] Cleaning site directory
[1721048089.880][INFO ][mkdocs/structure/nav.py:174] An absolute path to '/...' is included in the 'nav' configuration, which presumably points to an external resource.
[1721048089.901][WARNI][mkdocs_rss_plugin/util.py:504] [RSS-plugin]: No description generated from metadata or content of the page index.md, therefore the feed won't be compliant, because an item must have a description.
[1721048089.939][WARNI][mkdocs/structure/pages.py:495] Doc file 'Articles/2024/April/Blog Embed Test.md' contains a link 'Assets/media/AI%20Checklist%20for%20Startups/AI%20Checklist%20for%20Startups%202023-12-28%2019.38.11.excalidraw.svg', but the target 'Articles/2024/April/Assets/media/AI Checklist for Startups/AI Checklist for Startups 2023-12-28 19.38.11.excalidraw.svg' is not found among documentation files.
[1721048089.940][WARNI][mkdocs/structure/pages.py:495] Doc file 'Articles/2024/April/Blog Embed Test.md' contains a link 'Assets/media/AI%20Checklist%20for%20Startups/Recording%2020231228185105.webm', but the target 'Articles/2024/April/Assets/media/AI Checklist for Startups/Recording 20231228185105.webm' is not found among documentation files.
[1721048089.940][WARNI][mkdocs/structure/pages.py:495] Doc file 'Articles/2024/April/Blog Embed Test.md' contains a link 'Assets/media/AI%20Checklist%20for%20Startups/AI%20Checklist%20for%20Startups-image-20231228183546666.png', but the target 'Articles/2024/April/Assets/media/AI Checklist for Startups/AI Checklist for Startups-image-20231228183546666.png' is not found among documentation files.
[1721048089.940][WARNI][mkdocs/structure/pages.py:495] Doc file 'Articles/2024/April/Blog Embed Test.md' contains a link 'Assets/media/Blog%20Embed%20Test/Test%20Page%202023-08-25%2004.41.44.excalidraw.md', but the target 'Articles/2024/April/Assets/media/Blog Embed Test/Test Page 2023-08-25 04.41.44.excalidraw.md' is not found among documentation files.
[1721048089.940][WARNI][mkdocs/structure/pages.py:495] Doc file 'Articles/2024/April/Blog Embed Test.md' contains a link 'Assets/media/Blog%20Embed%20Test/Test%20Page%202023-08-25%2004.41.44.excalidraw.dark.svg', but the target 'Articles/2024/April/Assets/media/Blog Embed Test/Test Page 2023-08-25 04.41.44.excalidraw.dark.svg' is not found among documentation files.
[1721048089.958][INFO ][mkdocs/structure/pages.py:495] Doc file 'Articles/2024/April/Rise of Internal Developer Portals (iDp) - Part 1.md' contains an absolute link '/Assets/media/Images/Rise%20of%20Internal%20Developer%20Portals%20(iDp)%20-%20Part%201/Rise%20of%20Internal%20Developer%20Portals%20(iDp)%20-%20Part%201-image-20230718235101592.png', it was left as is.
[1721048089.958][INFO ][mkdocs/structure/pages.py:495] Doc file 'Articles/2024/April/Rise of Internal Developer Portals (iDp) - Part 1.md' contains an absolute link '/Assets/media/Images/Rise%20of%20Internal%20Developer%20Portals%20(iDp)%20-%20Part%201/Rise%20of%20Internal%20Developer%20Portals%20(iDp)%20-%20Part%201-image-20230718234232524.png', it was left as is.
[1721048090.042][WARNI][mkdocs/structure/pages.py:495] Doc file 'Articles/2024/March/Productivity Audits & the Fine art of Mastering Your Day.md' contains a link 'Recording%2020230904032416.webm', but the target 'Articles/2024/March/Recording 20230904032416.webm' is not found among documentation files.
[1721048090.791][INFO ][mkdocs/structure/pages.py:495] Doc file 'tags.md' contains an unrecognized relative link 'Articles/2024/May/Anatomy of Linux Kernel - Linux Kernel for System Engineers #2.md', it was left as is.
[1721048090.791][INFO ][mkdocs/structure/pages.py:495] Doc file 'tags.md' contains an unrecognized relative link 'Articles/2024/May/Anatomy of Linux Kernel - Linux Kernel for System Engineers #2.md', it was left as is.
[1721048090.791][INFO ][mkdocs/structure/pages.py:495] Doc file 'tags.md' contains an unrecognized relative link 'Articles/2024/May/Anatomy of Linux Kernel - Linux Kernel for System Engineers #2.md', it was left as is.
[1721048094.699][INFO ][mkdocs/structure/pages.py:323] Doc file 'Articles/2024/May/Booting up Linux Kernel - Linux for Engineers 1.md' contains a link '#Linux-Kernel-Bootup-Sequence', but there is no such anchor on this page.
[1721048094.711][INFO ][mkdocs/commands/build.py:353] Documentation built in 4.92 seconds
[1721048094.713][INFO ][mkdocs/livereload/__init__.py:180] Watching paths for changes: 'docs', 'mkdocs.yml'
[1721048094.713][INFO ][mkdocs/livereload/__init__.py:185] Serving on http://127.0.0.1:8000/
[1721048097.185][WARNI][mkdocs/livereload/__init__.py:364] "GET /2024/07/15/node_modules/tw-elements/dist/js/tw-elements.umd.min.js HTTP/1.1" code 404
[1721048097.360][INFO ][mkdocs/livereload/__init__.py:344] Browser connected: http://localhost:8000/2024/07/15/mastering-efficient-git-workflows-with-stacked-prs/
[1721048101.019][WARNI][mkdocs/livereload/__init__.py:364] "GET /2024/07/15/node_modules/tw-elements/dist/js/tw-elements.umd.min.js HTTP/1.1" code 404
[1721048101.226][INFO ][mkdocs/livereload/__init__.py:344] Browser connected: http://localhost:8000/2024/07/15/mastering-efficient-git-workflows-with-stacked-prs/
[1721048131.365][INFO ][mkdocs/livereload/__init__.py:203] Detected file changes
[1721048131.465][INFO ][mkdocs/commands/serve.py:62] Building documentation...
[1721048131.475][WARNI][mkdocs/config/base.py:377] Config value 'plugins': Plugin 'rss' option 'feeds_filenames': Unrecognised configuration name: feeds_filenames
[1721048131.475][WARNI][mkdocs/config/base.py:377] Config value 'pub-obsidian': Unrecognised configuration name: pub-obsidian
[1721048131.475][WARNI][mkdocs/config/base.py:377] Config value 'exclude': Unrecognised configuration name: exclude
[1721048131.568][INFO ][mkdocs/structure/nav.py:174] An absolute path to '/...' is included in the 'nav' configuration, which presumably points to an external resource.
[1721048131.588][WARNI][mkdocs_rss_plugin/util.py:504] [RSS-plugin]: No description generated from metadata or content of the page index.md, therefore the feed won't be compliant, because an item must have a description.
[1721048131.593][WARNI][mkdocs/structure/pages.py:495] Doc file 'Articles/2024/April/Blog Embed Test.md' contains a link 'Assets/media/AI%20Checklist%20for%20Startups/AI%20Checklist%20for%20Startups%202023-12-28%2019.38.11.excalidraw.svg', but the target 'Articles/2024/April/Assets/media/AI Checklist for Startups/AI Checklist for Startups 2023-12-28 19.38.11.excalidraw.svg' is not found among documentation files.
[1721048131.594][WARNI][mkdocs/structure/pages.py:495] Doc file 'Articles/2024/April/Blog Embed Test.md' contains a link 'Assets/media/AI%20Checklist%20for%20Startups/Recording%2020231228185105.webm', but the target 'Articles/2024/April/Assets/media/AI Checklist for Startups/Recording 20231228185105.webm' is not found among documentation files.
[1721048131.594][WARNI][mkdocs/structure/pages.py:495] Doc file 'Articles/2024/April/Blog Embed Test.md' contains a link 'Assets/media/AI%20Checklist%20for%20Startups/AI%20Checklist%20for%20Startups-image-20231228183546666.png', but the target 'Articles/2024/April/Assets/media/AI Checklist for Startups/AI Checklist for Startups-image-20231228183546666.png' is not found among documentation files.
[1721048131.594][WARNI][mkdocs/structure/pages.py:495] Doc file 'Articles/2024/April/Blog Embed Test.md' contains a link 'Assets/media/Blog%20Embed%20Test/Test%20Page%202023-08-25%2004.41.44.excalidraw.md', but the target 'Articles/2024/April/Assets/media/Blog Embed Test/Test Page 2023-08-25 04.41.44.excalidraw.md' is not found among documentation files.
[1721048131.594][WARNI][mkdocs/structure/pages.py:495] Doc file 'Articles/2024/April/Blog Embed Test.md' contains a link 'Assets/media/Blog%20Embed%20Test/Test%20Page%202023-08-25%2004.41.44.excalidraw.dark.svg', but the target 'Articles/2024/April/Assets/media/Blog Embed Test/Test Page 2023-08-25 04.41.44.excalidraw.dark.svg' is not found among documentation files.
[1721048131.609][INFO ][mkdocs/structure/pages.py:495] Doc file 'Articles/2024/April/Rise of Internal Developer Portals (iDp) - Part 1.md' contains an absolute link '/Assets/media/Images/Rise%20of%20Internal%20Developer%20Portals%20(iDp)%20-%20Part%201/Rise%20of%20Internal%20Developer%20Portals%20(iDp)%20-%20Part%201-image-20230718235101592.png', it was left as is.
[1721048131.610][INFO ][mkdocs/structure/pages.py:495] Doc file 'Articles/2024/April/Rise of Internal Developer Portals (iDp) - Part 1.md' contains an absolute link '/Assets/media/Images/Rise%20of%20Internal%20Developer%20Portals%20(iDp)%20-%20Part%201/Rise%20of%20Internal%20Developer%20Portals%20(iDp)%20-%20Part%201-image-20230718234232524.png', it was left as is.
[1721048131.675][WARNI][mkdocs/structure/pages.py:495] Doc file 'Articles/2024/March/Productivity Audits & the Fine art of Mastering Your Day.md' contains a link 'Recording%2020230904032416.webm', but the target 'Articles/2024/March/Recording 20230904032416.webm' is not found among documentation files.
[1721048132.390][INFO ][mkdocs/structure/pages.py:495] Doc file 'tags.md' contains an unrecognized relative link 'Articles/2024/May/Anatomy of Linux Kernel - Linux Kernel for System Engineers #2.md', it was left as is.
[1721048132.390][INFO ][mkdocs/structure/pages.py:495] Doc file 'tags.md' contains an unrecognized relative link 'Articles/2024/May/Anatomy of Linux Kernel - Linux Kernel for System Engineers #2.md', it was left as is.
[1721048132.390][INFO ][mkdocs/structure/pages.py:495] Doc file 'tags.md' contains an unrecognized relative link 'Articles/2024/May/Anatomy of Linux Kernel - Linux Kernel for System Engineers #2.md', it was left as is.
[1721048136.268][INFO ][mkdocs/structure/pages.py:323] Doc file 'Articles/2024/May/Booting up Linux Kernel - Linux for Engineers 1.md' contains a link '#Linux-Kernel-Bootup-Sequence', but there is no such anchor on this page.
[1721048136.279][INFO ][mkdocs/commands/build.py:353] Documentation built in 4.80 seconds
[1721048136.280][INFO ][mkdocs/livereload/__init__.py:223] Reloading browsers
[1721048136.280][INFO ][mkdocs/livereload/__init__.py:203] Detected file changes
[1721048136.345][WARNI][mkdocs/livereload/__init__.py:364] "GET /2024/07/15/node_modules/tw-elements/dist/js/tw-elements.umd.min.js HTTP/1.1" code 404
[1721048136.380][INFO ][mkdocs/commands/serve.py:62] Building documentation...
[1721048136.391][WARNI][mkdocs/config/base.py:377] Config value 'plugins': Plugin 'rss' option 'feeds_filenames': Unrecognised configuration name: feeds_filenames
[1721048136.391][WARNI][mkdocs/config/base.py:377] Config value 'pub-obsidian': Unrecognised configuration name: pub-obsidian
[1721048136.392][WARNI][mkdocs/config/base.py:377] Config value 'exclude': Unrecognised configuration name: exclude
[1721048136.495][INFO ][mkdocs/structure/nav.py:174] An absolute path to '/...' is included in the 'nav' configuration, which presumably points to an external resource.
[1721048136.517][WARNI][mkdocs_rss_plugin/util.py:504] [RSS-plugin]: No description generated from metadata or content of the page index.md, therefore the feed won't be compliant, because an item must have a description.
[1721048136.523][WARNI][mkdocs/structure/pages.py:495] Doc file 'Articles/2024/April/Blog Embed Test.md' contains a link 'Assets/media/AI%20Checklist%20for%20Startups/AI%20Checklist%20for%20Startups%202023-12-28%2019.38.11.excalidraw.svg', but the target 'Articles/2024/April/Assets/media/AI Checklist for Startups/AI Checklist for Startups 2023-12-28 19.38.11.excalidraw.svg' is not found among documentation files.
[1721048136.524][INFO ][mkdocs/livereload/__init__.py:344] Browser connected: http://localhost:8000/2024/07/15/mastering-efficient-git-workflows-with-stacked-prs/
[1721048136.524][WARNI][mkdocs/structure/pages.py:495] Doc file 'Articles/2024/April/Blog Embed Test.md' contains a link 'Assets/media/AI%20Checklist%20for%20Startups/Recording%2020231228185105.webm', but the target 'Articles/2024/April/Assets/media/AI Checklist for Startups/Recording 20231228185105.webm' is not found among documentation files.
[1721048136.525][WARNI][mkdocs/structure/pages.py:495] Doc file 'Articles/2024/April/Blog Embed Test.md' contains a link 'Assets/media/AI%20Checklist%20for%20Startups/AI%20Checklist%20for%20Startups-image-20231228183546666.png', but the target 'Articles/2024/April/Assets/media/AI Checklist for Startups/AI Checklist for Startups-image-20231228183546666.png' is not found among documentation files.
[1721048136.525][WARNI][mkdocs/structure/pages.py:495] Doc file 'Articles/2024/April/Blog Embed Test.md' contains a link 'Assets/media/Blog%20Embed%20Test/Test%20Page%202023-08-25%2004.41.44.excalidraw.md', but the target 'Articles/2024/April/Assets/media/Blog Embed Test/Test Page 2023-08-25 04.41.44.excalidraw.md' is not found among documentation files.
[1721048136.525][WARNI][mkdocs/structure/pages.py:495] Doc file 'Articles/2024/April/Blog Embed Test.md' contains a link 'Assets/media/Blog%20Embed%20Test/Test%20Page%202023-08-25%2004.41.44.excalidraw.dark.svg', but the target 'Articles/2024/April/Assets/media/Blog Embed Test/Test Page 2023-08-25 04.41.44.excalidraw.dark.svg' is not found among documentation files.
[1721048136.545][INFO ][mkdocs/structure/pages.py:495] Doc file 'Articles/2024/April/Rise of Internal Developer Portals (iDp) - Part 1.md' contains an absolute link '/Assets/media/Images/Rise%20of%20Internal%20Developer%20Portals%20(iDp)%20-%20Part%201/Rise%20of%20Internal%20Developer%20Portals%20(iDp)%20-%20Part%201-image-20230718235101592.png', it was left as is.
[1721048136.546][INFO ][mkdocs/structure/pages.py:495] Doc file 'Articles/2024/April/Rise of Internal Developer Portals (iDp) - Part 1.md' contains an absolute link '/Assets/media/Images/Rise%20of%20Internal%20Developer%20Portals%20(iDp)%20-%20Part%201/Rise%20of%20Internal%20Developer%20Portals%20(iDp)%20-%20Part%201-image-20230718234232524.png', it was left as is.
[1721048136.627][WARNI][mkdocs/structure/pages.py:495] Doc file 'Articles/2024/March/Productivity Audits & the Fine art of Mastering Your Day.md' contains a link 'Recording%2020230904032416.webm', but the target 'Articles/2024/March/Recording 20230904032416.webm' is not found among documentation files.
[1721048137.328][INFO ][mkdocs/structure/pages.py:495] Doc file 'tags.md' contains an unrecognized relative link 'Articles/2024/May/Anatomy of Linux Kernel - Linux Kernel for System Engineers #2.md', it was left as is.
[1721048137.329][INFO ][mkdocs/structure/pages.py:495] Doc file 'tags.md' contains an unrecognized relative link 'Articles/2024/May/Anatomy of Linux Kernel - Linux Kernel for System Engineers #2.md', it was left as is.
[1721048137.329][INFO ][mkdocs/structure/pages.py:495] Doc file 'tags.md' contains an unrecognized relative link 'Articles/2024/May/Anatomy of Linux Kernel - Linux Kernel for System Engineers #2.md', it was left as is.
[1721048141.208][INFO ][mkdocs/structure/pages.py:323] Doc file 'Articles/2024/May/Booting up Linux Kernel - Linux for Engineers 1.md' contains a link '#Linux-Kernel-Bootup-Sequence', but there is no such anchor on this page.
[1721048141.220][INFO ][mkdocs/commands/build.py:353] Documentation built in 4.83 seconds
[1721048141.220][INFO ][mkdocs/livereload/__init__.py:223] Reloading browsers
[1721048141.318][WARNI][mkdocs/livereload/__init__.py:364] "GET /2024/07/15/node_modules/tw-elements/dist/js/tw-elements.umd.min.js HTTP/1.1" code 404
[1721048141.552][INFO ][mkdocs/livereload/__init__.py:344] Browser connected: http://localhost:8000/2024/07/15/mastering-efficient-git-workflows-with-stacked-prs/
[1721048229.860][INFO ][mkdocs/livereload/__init__.py:203] Detected file changes
[1721048229.960][INFO ][mkdocs/commands/serve.py:62] Building documentation...
[1721048229.971][WARNI][mkdocs/config/base.py:377] Config value 'plugins': Plugin 'rss' option 'feeds_filenames': Unrecognised configuration name: feeds_filenames
[1721048229.971][WARNI][mkdocs/config/base.py:377] Config value 'pub-obsidian': Unrecognised configuration name: pub-obsidian
[1721048229.971][WARNI][mkdocs/config/base.py:377] Config value 'exclude': Unrecognised configuration name: exclude
[1721048230.078][INFO ][mkdocs/structure/nav.py:174] An absolute path to '/...' is included in the 'nav' configuration, which presumably points to an external resource.
[1721048230.101][WARNI][mkdocs_rss_plugin/util.py:504] [RSS-plugin]: No description generated from metadata or content of the page index.md, therefore the feed won't be compliant, because an item must have a description.
[1721048230.107][WARNI][mkdocs/structure/pages.py:495] Doc file 'Articles/2024/April/Blog Embed Test.md' contains a link 'Assets/media/AI%20Checklist%20for%20Startups/AI%20Checklist%20for%20Startups%202023-12-28%2019.38.11.excalidraw.svg', but the target 'Articles/2024/April/Assets/media/AI Checklist for Startups/AI Checklist for Startups 2023-12-28 19.38.11.excalidraw.svg' is not found among documentation files.
[1721048230.107][WARNI][mkdocs/structure/pages.py:495] Doc file 'Articles/2024/April/Blog Embed Test.md' contains a link 'Assets/media/AI%20Checklist%20for%20Startups/Recording%2020231228185105.webm', but the target 'Articles/2024/April/Assets/media/AI Checklist for Startups/Recording 20231228185105.webm' is not found among documentation files.
[1721048230.107][WARNI][mkdocs/structure/pages.py:495] Doc file 'Articles/2024/April/Blog Embed Test.md' contains a link 'Assets/media/AI%20Checklist%20for%20Startups/AI%20Checklist%20for%20Startups-image-20231228183546666.png', but the target 'Articles/2024/April/Assets/media/AI Checklist for Startups/AI Checklist for Startups-image-20231228183546666.png' is not found among documentation files.
[1721048230.108][WARNI][mkdocs/structure/pages.py:495] Doc file 'Articles/2024/April/Blog Embed Test.md' contains a link 'Assets/media/Blog%20Embed%20Test/Test%20Page%202023-08-25%2004.41.44.excalidraw.md', but the target 'Articles/2024/April/Assets/media/Blog Embed Test/Test Page 2023-08-25 04.41.44.excalidraw.md' is not found among documentation files.
[1721048230.108][WARNI][mkdocs/structure/pages.py:495] Doc file 'Articles/2024/April/Blog Embed Test.md' contains a link 'Assets/media/Blog%20Embed%20Test/Test%20Page%202023-08-25%2004.41.44.excalidraw.dark.svg', but the target 'Articles/2024/April/Assets/media/Blog Embed Test/Test Page 2023-08-25 04.41.44.excalidraw.dark.svg' is not found among documentation files.
[1721048230.131][INFO ][mkdocs/structure/pages.py:495] Doc file 'Articles/2024/April/Rise of Internal Developer Portals (iDp) - Part 1.md' contains an absolute link '/Assets/media/Images/Rise%20of%20Internal%20Developer%20Portals%20(iDp)%20-%20Part%201/Rise%20of%20Internal%20Developer%20Portals%20(iDp)%20-%20Part%201-image-20230718235101592.png', it was left as is.
[1721048230.131][INFO ][mkdocs/structure/pages.py:495] Doc file 'Articles/2024/April/Rise of Internal Developer Portals (iDp) - Part 1.md' contains an absolute link '/Assets/media/Images/Rise%20of%20Internal%20Developer%20Portals%20(iDp)%20-%20Part%201/Rise%20of%20Internal%20Developer%20Portals%20(iDp)%20-%20Part%201-image-20230718234232524.png', it was left as is.
[1721048230.203][WARNI][mkdocs/structure/pages.py:495] Doc file 'Articles/2024/March/Productivity Audits & the Fine art of Mastering Your Day.md' contains a link 'Recording%2020230904032416.webm', but the target 'Articles/2024/March/Recording 20230904032416.webm' is not found among documentation files.
[1721048230.896][INFO ][mkdocs/structure/pages.py:495] Doc file 'tags.md' contains an unrecognized relative link 'Articles/2024/May/Anatomy of Linux Kernel - Linux Kernel for System Engineers #2.md', it was left as is.
[1721048230.896][INFO ][mkdocs/structure/pages.py:495] Doc file 'tags.md' contains an unrecognized relative link 'Articles/2024/May/Anatomy of Linux Kernel - Linux Kernel for System Engineers #2.md', it was left as is.
[1721048230.897][INFO ][mkdocs/structure/pages.py:495] Doc file 'tags.md' contains an unrecognized relative link 'Articles/2024/May/Anatomy of Linux Kernel - Linux Kernel for System Engineers #2.md', it was left as is.
[1721048235.071][INFO ][mkdocs/structure/pages.py:323] Doc file 'Articles/2024/May/Booting up Linux Kernel - Linux for Engineers 1.md' contains a link '#Linux-Kernel-Bootup-Sequence', but there is no such anchor on this page.
[1721048235.084][INFO ][mkdocs/commands/build.py:353] Documentation built in 5.11 seconds
[1721048235.084][INFO ][mkdocs/livereload/__init__.py:223] Reloading browsers
[1721048235.084][INFO ][mkdocs/livereload/__init__.py:203] Detected file changes
[1721048235.159][WARNI][mkdocs/livereload/__init__.py:364] "GET /2024/07/15/node_modules/tw-elements/dist/js/tw-elements.umd.min.js HTTP/1.1" code 404
[1721048235.184][INFO ][mkdocs/commands/serve.py:62] Building documentation...
[1721048235.196][WARNI][mkdocs/config/base.py:377] Config value 'plugins': Plugin 'rss' option 'feeds_filenames': Unrecognised configuration name: feeds_filenames
[1721048235.197][WARNI][mkdocs/config/base.py:377] Config value 'pub-obsidian': Unrecognised configuration name: pub-obsidian
[1721048235.197][WARNI][mkdocs/config/base.py:377] Config value 'exclude': Unrecognised configuration name: exclude
[1721048235.323][INFO ][mkdocs/structure/nav.py:174] An absolute path to '/...' is included in the 'nav' configuration, which presumably points to an external resource.
[1721048235.350][WARNI][mkdocs_rss_plugin/util.py:504] [RSS-plugin]: No description generated from metadata or content of the page index.md, therefore the feed won't be compliant, because an item must have a description.
[1721048235.356][WARNI][mkdocs/structure/pages.py:495] Doc file 'Articles/2024/April/Blog Embed Test.md' contains a link 'Assets/media/AI%20Checklist%20for%20Startups/AI%20Checklist%20for%20Startups%202023-12-28%2019.38.11.excalidraw.svg', but the target 'Articles/2024/April/Assets/media/AI Checklist for Startups/AI Checklist for Startups 2023-12-28 19.38.11.excalidraw.svg' is not found among documentation files.
[1721048235.356][WARNI][mkdocs/structure/pages.py:495] Doc file 'Articles/2024/April/Blog Embed Test.md' contains a link 'Assets/media/AI%20Checklist%20for%20Startups/Recording%2020231228185105.webm', but the target 'Articles/2024/April/Assets/media/AI Checklist for Startups/Recording 20231228185105.webm' is not found among documentation files.
[1721048235.357][WARNI][mkdocs/structure/pages.py:495] Doc file 'Articles/2024/April/Blog Embed Test.md' contains a link 'Assets/media/AI%20Checklist%20for%20Startups/AI%20Checklist%20for%20Startups-image-20231228183546666.png', but the target 'Articles/2024/April/Assets/media/AI Checklist for Startups/AI Checklist for Startups-image-20231228183546666.png' is not found among documentation files.
[1721048235.357][WARNI][mkdocs/structure/pages.py:495] Doc file 'Articles/2024/April/Blog Embed Test.md' contains a link 'Assets/media/Blog%20Embed%20Test/Test%20Page%202023-08-25%2004.41.44.excalidraw.md', but the target 'Articles/2024/April/Assets/media/Blog Embed Test/Test Page 2023-08-25 04.41.44.excalidraw.md' is not found among documentation files.
[1721048235.357][WARNI][mkdocs/structure/pages.py:495] Doc file 'Articles/2024/April/Blog Embed Test.md' contains a link 'Assets/media/Blog%20Embed%20Test/Test%20Page%202023-08-25%2004.41.44.excalidraw.dark.svg', but the target 'Articles/2024/April/Assets/media/Blog Embed Test/Test Page 2023-08-25 04.41.44.excalidraw.dark.svg' is not found among documentation files.
[1721048235.373][INFO ][mkdocs/livereload/__init__.py:344] Browser connected: http://localhost:8000/2024/07/15/mastering-efficient-git-workflows-with-stacked-prs/
[1721048235.379][INFO ][mkdocs/structure/pages.py:495] Doc file 'Articles/2024/April/Rise of Internal Developer Portals (iDp) - Part 1.md' contains an absolute link '/Assets/media/Images/Rise%20of%20Internal%20Developer%20Portals%20(iDp)%20-%20Part%201/Rise%20of%20Internal%20Developer%20Portals%20(iDp)%20-%20Part%201-image-20230718235101592.png', it was left as is.
[1721048235.380][INFO ][mkdocs/structure/pages.py:495] Doc file 'Articles/2024/April/Rise of Internal Developer Portals (iDp) - Part 1.md' contains an absolute link '/Assets/media/Images/Rise%20of%20Internal%20Developer%20Portals%20(iDp)%20-%20Part%201/Rise%20of%20Internal%20Developer%20Portals%20(iDp)%20-%20Part%201-image-20230718234232524.png', it was left as is.
[1721048235.454][WARNI][mkdocs/structure/pages.py:495] Doc file 'Articles/2024/March/Productivity Audits & the Fine art of Mastering Your Day.md' contains a link 'Recording%2020230904032416.webm', but the target 'Articles/2024/March/Recording 20230904032416.webm' is not found among documentation files.
[1721048236.167][INFO ][mkdocs/structure/pages.py:495] Doc file 'tags.md' contains an unrecognized relative link 'Articles/2024/May/Anatomy of Linux Kernel - Linux Kernel for System Engineers #2.md', it was left as is.
[1721048236.167][INFO ][mkdocs/structure/pages.py:495] Doc file 'tags.md' contains an unrecognized relative link 'Articles/2024/May/Anatomy of Linux Kernel - Linux Kernel for System Engineers #2.md', it was left as is.
[1721048236.168][INFO ][mkdocs/structure/pages.py:495] Doc file 'tags.md' contains an unrecognized relative link 'Articles/2024/May/Anatomy of Linux Kernel - Linux Kernel for System Engineers #2.md', it was left as is.
[1721048240.150][INFO ][mkdocs/structure/pages.py:323] Doc file 'Articles/2024/May/Booting up Linux Kernel - Linux for Engineers 1.md' contains a link '#Linux-Kernel-Bootup-Sequence', but there is no such anchor on this page.
[1721048240.162][INFO ][mkdocs/commands/build.py:353] Documentation built in 4.96 seconds
[1721048240.162][INFO ][mkdocs/livereload/__init__.py:223] Reloading browsers
[1721048240.272][WARNI][mkdocs/livereload/__init__.py:364] "GET /2024/07/15/node_modules/tw-elements/dist/js/tw-elements.umd.min.js HTTP/1.1" code 404
[1721048240.474][INFO ][mkdocs/livereload/__init__.py:344] Browser connected: http://localhost:8000/2024/07/15/mastering-efficient-git-workflows-with-stacked-prs/
[1721048264.889][INFO ][mkdocs/livereload/__init__.py:203] Detected file changes
[1721048264.989][INFO ][mkdocs/commands/serve.py:62] Building documentation...
[1721048265.002][WARNI][mkdocs/config/base.py:377] Config value 'plugins': Plugin 'rss' option 'feeds_filenames': Unrecognised configuration name: feeds_filenames
[1721048265.002][WARNI][mkdocs/config/base.py:377] Config value 'pub-obsidian': Unrecognised configuration name: pub-obsidian
[1721048265.003][WARNI][mkdocs/config/base.py:377] Config value 'exclude': Unrecognised configuration name: exclude
[1721048265.096][INFO ][mkdocs/structure/nav.py:174] An absolute path to '/...' is included in the 'nav' configuration, which presumably points to an external resource.
[1721048265.115][WARNI][mkdocs_rss_plugin/util.py:504] [RSS-plugin]: No description generated from metadata or content of the page index.md, therefore the feed won't be compliant, because an item must have a description.
[1721048265.122][WARNI][mkdocs/structure/pages.py:495] Doc file 'Articles/2024/April/Blog Embed Test.md' contains a link 'Assets/media/AI%20Checklist%20for%20Startups/AI%20Checklist%20for%20Startups%202023-12-28%2019.38.11.excalidraw.svg', but the target 'Articles/2024/April/Assets/media/AI Checklist for Startups/AI Checklist for Startups 2023-12-28 19.38.11.excalidraw.svg' is not found among documentation files.
[1721048265.123][WARNI][mkdocs/structure/pages.py:495] Doc file 'Articles/2024/April/Blog Embed Test.md' contains a link 'Assets/media/AI%20Checklist%20for%20Startups/Recording%2020231228185105.webm', but the target 'Articles/2024/April/Assets/media/AI Checklist for Startups/Recording 20231228185105.webm' is not found among documentation files.
[1721048265.123][WARNI][mkdocs/structure/pages.py:495] Doc file 'Articles/2024/April/Blog Embed Test.md' contains a link 'Assets/media/AI%20Checklist%20for%20Startups/AI%20Checklist%20for%20Startups-image-20231228183546666.png', but the target 'Articles/2024/April/Assets/media/AI Checklist for Startups/AI Checklist for Startups-image-20231228183546666.png' is not found among documentation files.
[1721048265.123][WARNI][mkdocs/structure/pages.py:495] Doc file 'Articles/2024/April/Blog Embed Test.md' contains a link 'Assets/media/Blog%20Embed%20Test/Test%20Page%202023-08-25%2004.41.44.excalidraw.md', but the target 'Articles/2024/April/Assets/media/Blog Embed Test/Test Page 2023-08-25 04.41.44.excalidraw.md' is not found among documentation files.
[1721048265.123][WARNI][mkdocs/structure/pages.py:495] Doc file 'Articles/2024/April/Blog Embed Test.md' contains a link 'Assets/media/Blog%20Embed%20Test/Test%20Page%202023-08-25%2004.41.44.excalidraw.dark.svg', but the target 'Articles/2024/April/Assets/media/Blog Embed Test/Test Page 2023-08-25 04.41.44.excalidraw.dark.svg' is not found among documentation files.
[1721048265.139][INFO ][mkdocs/structure/pages.py:495] Doc file 'Articles/2024/April/Rise of Internal Developer Portals (iDp) - Part 1.md' contains an absolute link '/Assets/media/Images/Rise%20of%20Internal%20Developer%20Portals%20(iDp)%20-%20Part%201/Rise%20of%20Internal%20Developer%20Portals%20(iDp)%20-%20Part%201-image-20230718235101592.png', it was left as is.
[1721048265.139][INFO ][mkdocs/structure/pages.py:495] Doc file 'Articles/2024/April/Rise of Internal Developer Portals (iDp) - Part 1.md' contains an absolute link '/Assets/media/Images/Rise%20of%20Internal%20Developer%20Portals%20(iDp)%20-%20Part%201/Rise%20of%20Internal%20Developer%20Portals%20(iDp)%20-%20Part%201-image-20230718234232524.png', it was left as is.
[1721048265.211][WARNI][mkdocs/structure/pages.py:495] Doc file 'Articles/2024/March/Productivity Audits & the Fine art of Mastering Your Day.md' contains a link 'Recording%2020230904032416.webm', but the target 'Articles/2024/March/Recording 20230904032416.webm' is not found among documentation files.
[1721048265.948][INFO ][mkdocs/structure/pages.py:495] Doc file 'tags.md' contains an unrecognized relative link 'Articles/2024/May/Anatomy of Linux Kernel - Linux Kernel for System Engineers #2.md', it was left as is.
[1721048265.948][INFO ][mkdocs/structure/pages.py:495] Doc file 'tags.md' contains an unrecognized relative link 'Articles/2024/May/Anatomy of Linux Kernel - Linux Kernel for System Engineers #2.md', it was left as is.
[1721048265.948][INFO ][mkdocs/structure/pages.py:495] Doc file 'tags.md' contains an unrecognized relative link 'Articles/2024/May/Anatomy of Linux Kernel - Linux Kernel for System Engineers #2.md', it was left as is.
[1721048269.822][INFO ][mkdocs/structure/pages.py:323] Doc file 'Articles/2024/May/Booting up Linux Kernel - Linux for Engineers 1.md' contains a link '#Linux-Kernel-Bootup-Sequence', but there is no such anchor on this page.
[1721048269.834][INFO ][mkdocs/livereload/__init__.py:223] Reloading browsers
[1721048269.898][WARNI][mkdocs/livereload/__init__.py:364] "GET /2024/07/15/node_modules/tw-elements/dist/js/tw-elements.umd.min.js HTTP/1.1" code 404
[1721048270.098][INFO ][mkdocs/livereload/__init__.py:344] Browser connected: http://localhost:8000/2024/07/15/mastering-efficient-git-workflows-with-stacked-prs/
[1721048302.419][INFO ][mkdocs/livereload/__init__.py:203] Detected file changes
[1721048302.520][INFO ][mkdocs/commands/serve.py:62] Building documentation...
[1721048302.530][WARNI][mkdocs/config/base.py:377] Config value 'plugins': Plugin 'rss' option 'feeds_filenames': Unrecognised configuration name: feeds_filenames
[1721048302.530][WARNI][mkdocs/config/base.py:377] Config value 'pub-obsidian': Unrecognised configuration name: pub-obsidian
[1721048302.530][WARNI][mkdocs/config/base.py:377] Config value 'exclude': Unrecognised configuration name: exclude
[1721048302.623][INFO ][mkdocs/structure/nav.py:174] An absolute path to '/...' is included in the 'nav' configuration, which presumably points to an external resource.
[1721048302.643][WARNI][mkdocs_rss_plugin/util.py:504] [RSS-plugin]: No description generated from metadata or content of the page index.md, therefore the feed won't be compliant, because an item must have a description.
[1721048302.648][WARNI][mkdocs/structure/pages.py:495] Doc file 'Articles/2024/April/Blog Embed Test.md' contains a link 'Assets/media/AI%20Checklist%20for%20Startups/AI%20Checklist%20for%20Startups%202023-12-28%2019.38.11.excalidraw.svg', but the target 'Articles/2024/April/Assets/media/AI Checklist for Startups/AI Checklist for Startups 2023-12-28 19.38.11.excalidraw.svg' is not found among documentation files.
[1721048302.649][WARNI][mkdocs/structure/pages.py:495] Doc file 'Articles/2024/April/Blog Embed Test.md' contains a link 'Assets/media/AI%20Checklist%20for%20Startups/Recording%2020231228185105.webm', but the target 'Articles/2024/April/Assets/media/AI Checklist for Startups/Recording 20231228185105.webm' is not found among documentation files.
[1721048302.649][WARNI][mkdocs/structure/pages.py:495] Doc file 'Articles/2024/April/Blog Embed Test.md' contains a link 'Assets/media/AI%20Checklist%20for%20Startups/AI%20Checklist%20for%20Startups-image-20231228183546666.png', but the target 'Articles/2024/April/Assets/media/AI Checklist for Startups/AI Checklist for Startups-image-20231228183546666.png' is not found among documentation files.
[1721048302.649][WARNI][mkdocs/structure/pages.py:495] Doc file 'Articles/2024/April/Blog Embed Test.md' contains a link 'Assets/media/Blog%20Embed%20Test/Test%20Page%202023-08-25%2004.41.44.excalidraw.md', but the target 'Articles/2024/April/Assets/media/Blog Embed Test/Test Page 2023-08-25 04.41.44.excalidraw.md' is not found among documentation files.
[1721048302.649][WARNI][mkdocs/structure/pages.py:495] Doc file 'Articles/2024/April/Blog Embed Test.md' contains a link 'Assets/media/Blog%20Embed%20Test/Test%20Page%202023-08-25%2004.41.44.excalidraw.dark.svg', but the target 'Articles/2024/April/Assets/media/Blog Embed Test/Test Page 2023-08-25 04.41.44.excalidraw.dark.svg' is not found among documentation files.
[1721048302.664][INFO ][mkdocs/structure/pages.py:495] Doc file 'Articles/2024/April/Rise of Internal Developer Portals (iDp) - Part 1.md' contains an absolute link '/Assets/media/Images/Rise%20of%20Internal%20Developer%20Portals%20(iDp)%20-%20Part%201/Rise%20of%20Internal%20Developer%20Portals%20(iDp)%20-%20Part%201-image-20230718235101592.png', it was left as is.
[1721048302.665][INFO ][mkdocs/structure/pages.py:495] Doc file 'Articles/2024/April/Rise of Internal Developer Portals (iDp) - Part 1.md' contains an absolute link '/Assets/media/Images/Rise%20of%20Internal%20Developer%20Portals%20(iDp)%20-%20Part%201/Rise%20of%20Internal%20Developer%20Portals%20(iDp)%20-%20Part%201-image-20230718234232524.png', it was left as is.
[1721048302.732][WARNI][mkdocs/structure/pages.py:495] Doc file 'Articles/2024/March/Productivity Audits & the Fine art of Mastering Your Day.md' contains a link 'Recording%2020230904032416.webm', but the target 'Articles/2024/March/Recording 20230904032416.webm' is not found among documentation files.
[1721048303.459][INFO ][mkdocs/structure/pages.py:495] Doc file 'tags.md' contains an unrecognized relative link 'Articles/2024/May/Anatomy of Linux Kernel - Linux Kernel for System Engineers #2.md', it was left as is.
[1721048303.459][INFO ][mkdocs/structure/pages.py:495] Doc file 'tags.md' contains an unrecognized relative link 'Articles/2024/May/Anatomy of Linux Kernel - Linux Kernel for System Engineers #2.md', it was left as is.
[1721048303.459][INFO ][mkdocs/structure/pages.py:495] Doc file 'tags.md' contains an unrecognized relative link 'Articles/2024/May/Anatomy of Linux Kernel - Linux Kernel for System Engineers #2.md', it was left as is.
[1721048307.306][INFO ][mkdocs/structure/pages.py:323] Doc file 'Articles/2024/May/Booting up Linux Kernel - Linux for Engineers 1.md' contains a link '#Linux-Kernel-Bootup-Sequence', but there is no such anchor on this page.
[1721048307.318][INFO ][mkdocs/commands/build.py:353] Documentation built in 4.79 seconds
[1721048307.318][INFO ][mkdocs/livereload/__init__.py:223] Reloading browsers
[1721048307.418][WARNI][mkdocs/livereload/__init__.py:364] "GET /2024/07/15/node_modules/tw-elements/dist/js/tw-elements.umd.min.js HTTP/1.1" code 404
[1721048307.584][INFO ][mkdocs/livereload/__init__.py:344] Browser connected: http://localhost:8000/2024/07/15/mastering-efficient-git-workflows-with-stacked-prs/
[1721048330.686][INFO ][mkdocs/livereload/__init__.py:203] Detected file changes
[1721048330.787][INFO ][mkdocs/commands/serve.py:62] Building documentation...
[1721048330.797][WARNI][mkdocs/config/base.py:377] Config value 'plugins': Plugin 'rss' option 'feeds_filenames': Unrecognised configuration name: feeds_filenames
[1721048330.797][WARNI][mkdocs/config/base.py:377] Config value 'pub-obsidian': Unrecognised configuration name: pub-obsidian
[1721048330.797][WARNI][mkdocs/config/base.py:377] Config value 'exclude': Unrecognised configuration name: exclude
[1721048330.886][INFO ][mkdocs/structure/nav.py:174] An absolute path to '/...' is included in the 'nav' configuration, which presumably points to an external resource.
[1721048330.906][WARNI][mkdocs_rss_plugin/util.py:504] [RSS-plugin]: No description generated from metadata or content of the page index.md, therefore the feed won't be compliant, because an item must have a description.
[1721048330.911][WARNI][mkdocs/structure/pages.py:495] Doc file 'Articles/2024/April/Blog Embed Test.md' contains a link 'Assets/media/AI%20Checklist%20for%20Startups/AI%20Checklist%20for%20Startups%202023-12-28%2019.38.11.excalidraw.svg', but the target 'Articles/2024/April/Assets/media/AI Checklist for Startups/AI Checklist for Startups 2023-12-28 19.38.11.excalidraw.svg' is not found among documentation files.
[1721048330.911][WARNI][mkdocs/structure/pages.py:495] Doc file 'Articles/2024/April/Blog Embed Test.md' contains a link 'Assets/media/AI%20Checklist%20for%20Startups/Recording%2020231228185105.webm', but the target 'Articles/2024/April/Assets/media/AI Checklist for Startups/Recording 20231228185105.webm' is not found among documentation files.
[1721048330.912][WARNI][mkdocs/structure/pages.py:495] Doc file 'Articles/2024/April/Blog Embed Test.md' contains a link 'Assets/media/AI%20Checklist%20for%20Startups/AI%20Checklist%20for%20Startups-image-20231228183546666.png', but the target 'Articles/2024/April/Assets/media/AI Checklist for Startups/AI Checklist for Startups-image-20231228183546666.png' is not found among documentation files.
[1721048330.912][WARNI][mkdocs/structure/pages.py:495] Doc file 'Articles/2024/April/Blog Embed Test.md' contains a link 'Assets/media/Blog%20Embed%20Test/Test%20Page%202023-08-25%2004.41.44.excalidraw.md', but the target 'Articles/2024/April/Assets/media/Blog Embed Test/Test Page 2023-08-25 04.41.44.excalidraw.md' is not found among documentation files.
[1721048330.912][WARNI][mkdocs/structure/pages.py:495] Doc file 'Articles/2024/April/Blog Embed Test.md' contains a link 'Assets/media/Blog%20Embed%20Test/Test%20Page%202023-08-25%2004.41.44.excalidraw.dark.svg', but the target 'Articles/2024/April/Assets/media/Blog Embed Test/Test Page 2023-08-25 04.41.44.excalidraw.dark.svg' is not found among documentation files.
[1721048330.929][INFO ][mkdocs/structure/pages.py:495] Doc file 'Articles/2024/April/Rise of Internal Developer Portals (iDp) - Part 1.md' contains an absolute link '/Assets/media/Images/Rise%20of%20Internal%20Developer%20Portals%20(iDp)%20-%20Part%201/Rise%20of%20Internal%20Developer%20Portals%20(iDp)%20-%20Part%201-image-20230718235101592.png', it was left as is.
[1721048330.929][INFO ][mkdocs/structure/pages.py:495] Doc file 'Articles/2024/April/Rise of Internal Developer Portals (iDp) - Part 1.md' contains an absolute link '/Assets/media/Images/Rise%20of%20Internal%20Developer%20Portals%20(iDp)%20-%20Part%201/Rise%20of%20Internal%20Developer%20Portals%20(iDp)%20-%20Part%201-image-20230718234232524.png', it was left as is.
[1721048330.999][WARNI][mkdocs/structure/pages.py:495] Doc file 'Articles/2024/March/Productivity Audits & the Fine art of Mastering Your Day.md' contains a link 'Recording%2020230904032416.webm', but the target 'Articles/2024/March/Recording 20230904032416.webm' is not found among documentation files.
[1721048331.802][INFO ][mkdocs/structure/pages.py:495] Doc file 'tags.md' contains an unrecognized relative link 'Articles/2024/May/Anatomy of Linux Kernel - Linux Kernel for System Engineers #2.md', it was left as is.
[1721048331.803][INFO ][mkdocs/structure/pages.py:495] Doc file 'tags.md' contains an unrecognized relative link 'Articles/2024/May/Anatomy of Linux Kernel - Linux Kernel for System Engineers #2.md', it was left as is.
[1721048331.803][INFO ][mkdocs/structure/pages.py:495] Doc file 'tags.md' contains an unrecognized relative link 'Articles/2024/May/Anatomy of Linux Kernel - Linux Kernel for System Engineers #2.md', it was left as is.
[1721048335.963][INFO ][mkdocs/structure/pages.py:323] Doc file 'Articles/2024/May/Booting up Linux Kernel - Linux for Engineers 1.md' contains a link '#Linux-Kernel-Bootup-Sequence', but there is no such anchor on this page.
[1721048335.976][INFO ][mkdocs/commands/build.py:353] Documentation built in 5.18 seconds
[1721048335.976][INFO ][mkdocs/livereload/__init__.py:223] Reloading browsers
[1721048336.040][WARNI][mkdocs/livereload/__init__.py:364] "GET /2024/07/15/node_modules/tw-elements/dist/js/tw-elements.umd.min.js HTTP/1.1" code 404
[1721048336.252][INFO ][mkdocs/livereload/__init__.py:344] Browser connected: http://localhost:8000/2024/07/15/mastering-efficient-git-workflows-with-stacked-prs/
[1721048518.524][INFO ][mkdocs/livereload/__init__.py:203] Detected file changes
[1721048518.624][INFO ][mkdocs/commands/serve.py:62] Building documentation...
[1721048518.634][WARNI][mkdocs/config/base.py:377] Config value 'plugins': Plugin 'rss' option 'feeds_filenames': Unrecognised configuration name: feeds_filenames
[1721048518.634][WARNI][mkdocs/config/base.py:377] Config value 'pub-obsidian': Unrecognised configuration name: pub-obsidian
[1721048518.634][WARNI][mkdocs/config/base.py:377] Config value 'exclude': Unrecognised configuration name: exclude
[1721048518.723][INFO ][mkdocs/structure/nav.py:174] An absolute path to '/...' is included in the 'nav' configuration, which presumably points to an external resource.
[1721048518.743][WARNI][mkdocs_rss_plugin/util.py:504] [RSS-plugin]: No description generated from metadata or content of the page index.md, therefore the feed won't be compliant, because an item must have a description.
[1721048518.748][WARNI][mkdocs/structure/pages.py:495] Doc file 'Articles/2024/April/Blog Embed Test.md' contains a link 'Assets/media/AI%20Checklist%20for%20Startups/AI%20Checklist%20for%20Startups%202023-12-28%2019.38.11.excalidraw.svg', but the target 'Articles/2024/April/Assets/media/AI Checklist for Startups/AI Checklist for Startups 2023-12-28 19.38.11.excalidraw.svg' is not found among documentation files.
[1721048518.749][WARNI][mkdocs/structure/pages.py:495] Doc file 'Articles/2024/April/Blog Embed Test.md' contains a link 'Assets/media/AI%20Checklist%20for%20Startups/Recording%2020231228185105.webm', but the target 'Articles/2024/April/Assets/media/AI Checklist for Startups/Recording 20231228185105.webm' is not found among documentation files.
[1721048518.749][WARNI][mkdocs/structure/pages.py:495] Doc file 'Articles/2024/April/Blog Embed Test.md' contains a link 'Assets/media/AI%20Checklist%20for%20Startups/AI%20Checklist%20for%20Startups-image-20231228183546666.png', but the target 'Articles/2024/April/Assets/media/AI Checklist for Startups/AI Checklist for Startups-image-20231228183546666.png' is not found among documentation files.
[1721048518.749][WARNI][mkdocs/structure/pages.py:495] Doc file 'Articles/2024/April/Blog Embed Test.md' contains a link 'Assets/media/Blog%20Embed%20Test/Test%20Page%202023-08-25%2004.41.44.excalidraw.md', but the target 'Articles/2024/April/Assets/media/Blog Embed Test/Test Page 2023-08-25 04.41.44.excalidraw.md' is not found among documentation files.
[1721048518.749][WARNI][mkdocs/structure/pages.py:495] Doc file 'Articles/2024/April/Blog Embed Test.md' contains a link 'Assets/media/Blog%20Embed%20Test/Test%20Page%202023-08-25%2004.41.44.excalidraw.dark.svg', but the target 'Articles/2024/April/Assets/media/Blog Embed Test/Test Page 2023-08-25 04.41.44.excalidraw.dark.svg' is not found among documentation files.
[1721048518.764][INFO ][mkdocs/structure/pages.py:495] Doc file 'Articles/2024/April/Rise of Internal Developer Portals (iDp) - Part 1.md' contains an absolute link '/Assets/media/Images/Rise%20of%20Internal%20Developer%20Portals%20(iDp)%20-%20Part%201/Rise%20of%20Internal%20Developer%20Portals%20(iDp)%20-%20Part%201-image-20230718235101592.png', it was left as is.
[1721048518.765][INFO ][mkdocs/structure/pages.py:495] Doc file 'Articles/2024/April/Rise of Internal Developer Portals (iDp) - Part 1.md' contains an absolute link '/Assets/media/Images/Rise%20of%20Internal%20Developer%20Portals%20(iDp)%20-%20Part%201/Rise%20of%20Internal%20Developer%20Portals%20(iDp)%20-%20Part%201-image-20230718234232524.png', it was left as is.
[1721048518.830][WARNI][mkdocs/structure/pages.py:495] Doc file 'Articles/2024/March/Productivity Audits & the Fine art of Mastering Your Day.md' contains a link 'Recording%2020230904032416.webm', but the target 'Articles/2024/March/Recording 20230904032416.webm' is not found among documentation files.
[1721048519.549][INFO ][mkdocs/structure/pages.py:495] Doc file 'tags.md' contains an unrecognized relative link 'Articles/2024/May/Anatomy of Linux Kernel - Linux Kernel for System Engineers #2.md', it was left as is.
[1721048519.550][INFO ][mkdocs/structure/pages.py:495] Doc file 'tags.md' contains an unrecognized relative link 'Articles/2024/May/Anatomy of Linux Kernel - Linux Kernel for System Engineers #2.md', it was left as is.
[1721048519.550][INFO ][mkdocs/structure/pages.py:495] Doc file 'tags.md' contains an unrecognized relative link 'Articles/2024/May/Anatomy of Linux Kernel - Linux Kernel for System Engineers #2.md', it was left as is.
[1721048523.475][INFO ][mkdocs/structure/pages.py:323] Doc file 'Articles/2024/May/Booting up Linux Kernel - Linux for Engineers 1.md' contains a link '#Linux-Kernel-Bootup-Sequence', but there is no such anchor on this page.
[1721048523.488][INFO ][mkdocs/commands/build.py:353] Documentation built in 4.85 seconds
[1721048523.488][INFO ][mkdocs/livereload/__init__.py:223] Reloading browsers
[1721048523.584][WARNI][mkdocs/livereload/__init__.py:364] "GET /2024/07/15/node_modules/tw-elements/dist/js/tw-elements.umd.min.js HTTP/1.1" code 404
[1721048524.010][INFO ][mkdocs/livereload/__init__.py:344] Browser connected: http://localhost:8000/2024/07/15/mastering-efficient-git-workflows-with-stacked-prs/
[1721048524.482][INFO ][mkdocs/livereload/__init__.py:203] Detected file changes
[1721048524.582][INFO ][mkdocs/commands/serve.py:62] Building documentation...
[1721048524.600][WARNI][mkdocs/config/base.py:377] Config value 'plugins': Plugin 'rss' option 'feeds_filenames': Unrecognised configuration name: feeds_filenames
[1721048524.604][WARNI][mkdocs/config/base.py:377] Config value 'pub-obsidian': Unrecognised configuration name: pub-obsidian
[1721048524.605][WARNI][mkdocs/config/base.py:377] Config value 'exclude': Unrecognised configuration name: exclude
[1721048524.719][INFO ][mkdocs/structure/nav.py:174] An absolute path to '/...' is included in the 'nav' configuration, which presumably points to an external resource.
[1721048524.742][WARNI][mkdocs_rss_plugin/util.py:504] [RSS-plugin]: No description generated from metadata or content of the page index.md, therefore the feed won't be compliant, because an item must have a description.
[1721048524.748][WARNI][mkdocs/structure/pages.py:495] Doc file 'Articles/2024/April/Blog Embed Test.md' contains a link 'Assets/media/AI%20Checklist%20for%20Startups/AI%20Checklist%20for%20Startups%202023-12-28%2019.38.11.excalidraw.svg', but the target 'Articles/2024/April/Assets/media/AI Checklist for Startups/AI Checklist for Startups 2023-12-28 19.38.11.excalidraw.svg' is not found among documentation files.
[1721048524.748][WARNI][mkdocs/structure/pages.py:495] Doc file 'Articles/2024/April/Blog Embed Test.md' contains a link 'Assets/media/AI%20Checklist%20for%20Startups/Recording%2020231228185105.webm', but the target 'Articles/2024/April/Assets/media/AI Checklist for Startups/Recording 20231228185105.webm' is not found among documentation files.
[1721048524.748][WARNI][mkdocs/structure/pages.py:495] Doc file 'Articles/2024/April/Blog Embed Test.md' contains a link 'Assets/media/AI%20Checklist%20for%20Startups/AI%20Checklist%20for%20Startups-image-20231228183546666.png', but the target 'Articles/2024/April/Assets/media/AI Checklist for Startups/AI Checklist for Startups-image-20231228183546666.png' is not found among documentation files.
[1721048524.749][WARNI][mkdocs/structure/pages.py:495] Doc file 'Articles/2024/April/Blog Embed Test.md' contains a link 'Assets/media/Blog%20Embed%20Test/Test%20Page%202023-08-25%2004.41.44.excalidraw.md', but the target 'Articles/2024/April/Assets/media/Blog Embed Test/Test Page 2023-08-25 04.41.44.excalidraw.md' is not found among documentation files.
[1721048524.749][WARNI][mkdocs/structure/pages.py:495] Doc file 'Articles/2024/April/Blog Embed Test.md' contains a link 'Assets/media/Blog%20Embed%20Test/Test%20Page%202023-08-25%2004.41.44.excalidraw.dark.svg', but the target 'Articles/2024/April/Assets/media/Blog Embed Test/Test Page 2023-08-25 04.41.44.excalidraw.dark.svg' is not found among documentation files.
[1721048524.806][INFO ][mkdocs/structure/pages.py:495] Doc file 'Articles/2024/April/Rise of Internal Developer Portals (iDp) - Part 1.md' contains an absolute link '/Assets/media/Images/Rise%20of%20Internal%20Developer%20Portals%20(iDp)%20-%20Part%201/Rise%20of%20Internal%20Developer%20Portals%20(iDp)%20-%20Part%201-image-20230718235101592.png', it was left as is.
[1721048524.807][INFO ][mkdocs/structure/pages.py:495] Doc file 'Articles/2024/April/Rise of Internal Developer Portals (iDp) - Part 1.md' contains an absolute link '/Assets/media/Images/Rise%20of%20Internal%20Developer%20Portals%20(iDp)%20-%20Part%201/Rise%20of%20Internal%20Developer%20Portals%20(iDp)%20-%20Part%201-image-20230718234232524.png', it was left as is.
[1721048524.933][WARNI][mkdocs/structure/pages.py:495] Doc file 'Articles/2024/March/Productivity Audits & the Fine art of Mastering Your Day.md' contains a link 'Recording%2020230904032416.webm', but the target 'Articles/2024/March/Recording 20230904032416.webm' is not found among documentation files.
[1721048525.883][INFO ][mkdocs/structure/pages.py:495] Doc file 'tags.md' contains an unrecognized relative link 'Articles/2024/May/Anatomy of Linux Kernel - Linux Kernel for System Engineers #2.md', it was left as is.
[1721048525.883][INFO ][mkdocs/structure/pages.py:495] Doc file 'tags.md' contains an unrecognized relative link 'Articles/2024/May/Anatomy of Linux Kernel - Linux Kernel for System Engineers #2.md', it was left as is.
[1721048525.883][INFO ][mkdocs/structure/pages.py:495] Doc file 'tags.md' contains an unrecognized relative link 'Articles/2024/May/Anatomy of Linux Kernel - Linux Kernel for System Engineers #2.md', it was left as is.
[1721048530.133][INFO ][mkdocs/structure/pages.py:323] Doc file 'Articles/2024/May/Booting up Linux Kernel - Linux for Engineers 1.md' contains a link '#Linux-Kernel-Bootup-Sequence', but there is no such anchor on this page.
[1721048530.145][INFO ][mkdocs/commands/build.py:353] Documentation built in 5.54 seconds
[1721048530.146][INFO ][mkdocs/livereload/__init__.py:223] Reloading browsers
[1721048530.218][WARNI][mkdocs/livereload/__init__.py:364] "GET /2024/07/15/node_modules/tw-elements/dist/js/tw-elements.umd.min.js HTTP/1.1" code 404
[1721048530.441][INFO ][mkdocs/livereload/__init__.py:344] Browser connected: http://localhost:8000/2024/07/15/mastering-efficient-git-workflows-with-stacked-prs/
[1721048555.853][WARNI][mkdocs/livereload/__init__.py:364] "GET /Recording%2020230904032416.webm HTTP/1.1" code 404
[1721048582.395][WARNI][mkdocs/livereload/__init__.py:364] "GET /Recording%2020230904032416.webm HTTP/1.1" code 404
[1721048590.448][INFO ][mkdocs/livereload/__init__.py:344] Browser connected: http://localhost:8000/2024/07/14/designing-async-await-organizations/
[1721048605.750][WARNI][mkdocs/livereload/__init__.py:364] "GET /Recording%2020230904032416.webm HTTP/1.1" code 404
[1721048610.694][WARNI][mkdocs/livereload/__init__.py:364] "GET /Recording%2020230904032416.webm HTTP/1.1" code 404
[1721048612.768][WARNI][mkdocs/livereload/__init__.py:364] "GET /Recording%2020230904032416.webm HTTP/1.1" code 404
[1721048625.988][WARNI][mkdocs/livereload/__init__.py:364] "GET /Recording%2020230904032416.webm HTTP/1.1" code 404
[1721048633.182][WARNI][mkdocs/livereload/__init__.py:364] "GET /Recording%2020230904032416.webm HTTP/1.1" code 404
[1721048638.950][WARNI][mkdocs/livereload/__init__.py:364] "GET /Recording%2020230904032416.webm HTTP/1.1" code 404
[1721048640.092][WARNI][mkdocs/livereload/__init__.py:364] "GET /2024/03/19/productivity-audits--the-fine-art-of-mastering-your-day/Recording%2020230904032416.webm HTTP/1.1" code 404
[1721048648.310][WARNI][mkdocs/livereload/__init__.py:364] "GET /Recording%2020230904032416.webm HTTP/1.1" code 404
[1721048650.452][INFO ][mkdocs/livereload/__init__.py:344] Browser connected: http://localhost:8000/
[1721048668.622][WARNI][mkdocs/livereload/__init__.py:364] "GET /Interests/Finance/node_modules/tw-elements/dist/js/tw-elements.umd.min.js HTTP/1.1" code 404
[1721048668.797][INFO ][mkdocs/livereload/__init__.py:344] Browser connected: http://localhost:8000/Interests/Finance/FIRE/
[1721048728.802][INFO ][mkdocs/livereload/__init__.py:344] Browser connected: http://localhost:8000/Bookmarks/Web/2024/06-June/Weekly-Digest-Week-22/
[1721048765.665][INFO ][mkdocs/livereload/__init__.py:344] Browser connected: http://localhost:8000/tags/
[1721048766.640][WARNI][mkdocs/livereload/__init__.py:364] "GET /Recording%2020230904032416.webm HTTP/1.1" code 404
